This is pdfTeX, Version 3.14159265-2.6-1.40.20 (MiKTeX 2.9.7140 64-bit) (preloaded format=pdflatex 2019.8.21)  26 AUG 2019 19:40
entering extended mode
**./_main.tex
(_main.tex
LaTeX2e <2018-12-01>
("C:\Users\Nick\AppData\Local\Programs\MiKTeX 2.9\tex/latex/base\book.cls"
Document Class: book 2018/09/03 v1.4i Standard LaTeX document class
("C:\Users\Nick\AppData\Local\Programs\MiKTeX 2.9\tex/latex/base\bk10.clo"
File: bk10.clo 2018/09/03 v1.4i Standard LaTeX file (size option)
)
\c@part=\count80
\c@chapter=\count81
\c@section=\count82
\c@subsection=\count83
\c@subsubsection=\count84
\c@paragraph=\count85
\c@subparagraph=\count86
\c@figure=\count87
\c@table=\count88
\abovecaptionskip=\skip41
\belowcaptionskip=\skip42
\bibindent=\dimen102
) ("C:\Users\Nick\AppData\Local\Programs\MiKTeX 2.9\tex/latex/lm\lmodern.sty"
Package: lmodern 2009/10/30 v1.6 Latin Modern Fonts
LaTeX Font Info:    Overwriting symbol font `operators' in version `normal'
(Font)                  OT1/cmr/m/n --> OT1/lmr/m/n on input line 22.
LaTeX Font Info:    Overwriting symbol font `letters' in version `normal'
(Font)                  OML/cmm/m/it --> OML/lmm/m/it on input line 23.
LaTeX Font Info:    Overwriting symbol font `symbols' in version `normal'
(Font)                  OMS/cmsy/m/n --> OMS/lmsy/m/n on input line 24.
LaTeX Font Info:    Overwriting symbol font `largesymbols' in version `normal'
(Font)                  OMX/cmex/m/n --> OMX/lmex/m/n on input line 25.
LaTeX Font Info:    Overwriting symbol font `operators' in version `bold'
(Font)                  OT1/cmr/bx/n --> OT1/lmr/bx/n on input line 26.
LaTeX Font Info:    Overwriting symbol font `letters' in version `bold'
(Font)                  OML/cmm/b/it --> OML/lmm/b/it on input line 27.
LaTeX Font Info:    Overwriting symbol font `symbols' in version `bold'
(Font)                  OMS/cmsy/b/n --> OMS/lmsy/b/n on input line 28.
LaTeX Font Info:    Overwriting symbol font `largesymbols' in version `bold'
(Font)                  OMX/cmex/m/n --> OMX/lmex/m/n on input line 29.
LaTeX Font Info:    Overwriting math alphabet `\mathbf' in version `normal'
(Font)                  OT1/cmr/bx/n --> OT1/lmr/bx/n on input line 31.
LaTeX Font Info:    Overwriting math alphabet `\mathsf' in version `normal'
(Font)                  OT1/cmss/m/n --> OT1/lmss/m/n on input line 32.
LaTeX Font Info:    Overwriting math alphabet `\mathit' in version `normal'
(Font)                  OT1/cmr/m/it --> OT1/lmr/m/it on input line 33.
LaTeX Font Info:    Overwriting math alphabet `\mathtt' in version `normal'
(Font)                  OT1/cmtt/m/n --> OT1/lmtt/m/n on input line 34.
LaTeX Font Info:    Overwriting math alphabet `\mathbf' in version `bold'
(Font)                  OT1/cmr/bx/n --> OT1/lmr/bx/n on input line 35.
LaTeX Font Info:    Overwriting math alphabet `\mathsf' in version `bold'
(Font)                  OT1/cmss/bx/n --> OT1/lmss/bx/n on input line 36.
LaTeX Font Info:    Overwriting math alphabet `\mathit' in version `bold'
(Font)                  OT1/cmr/bx/it --> OT1/lmr/bx/it on input line 37.
LaTeX Font Info:    Overwriting math alphabet `\mathtt' in version `bold'
(Font)                  OT1/cmtt/m/n --> OT1/lmtt/m/n on input line 38.
)
("C:\Users\Nick\AppData\Local\Programs\MiKTeX 2.9\tex/latex/amsfonts\amssymb.st
y"
Package: amssymb 2013/01/14 v3.01 AMS font symbols

("C:\Users\Nick\AppData\Local\Programs\MiKTeX 2.9\tex/latex/amsfonts\amsfonts.s
ty"
Package: amsfonts 2013/01/14 v3.01 Basic AMSFonts support
\@emptytoks=\toks14
\symAMSa=\mathgroup4
\symAMSb=\mathgroup5
LaTeX Font Info:    Overwriting math alphabet `\mathfrak' in version `bold'
(Font)                  U/euf/m/n --> U/euf/b/n on input line 106.
)) ("C:\Users\Nick\AppData\Local\Programs\MiKTeX 2.9\tex/latex/amsmath\amsmath.
sty"
Package: amsmath 2018/12/01 v2.17b AMS math features
\@mathmargin=\skip43
For additional information on amsmath, use the `?' option.
("C:\Users\Nick\AppData\Local\Programs\MiKTeX 2.9\tex/latex/amsmath\amstext.sty
"
Package: amstext 2000/06/29 v2.01 AMS text
("C:\Users\Nick\AppData\Local\Programs\MiKTeX 2.9\tex/latex/amsmath\amsgen.sty"
File: amsgen.sty 1999/11/30 v2.0 generic functions
\@emptytoks=\toks15
\ex@=\dimen103
)) ("C:\Users\Nick\AppData\Local\Programs\MiKTeX 2.9\tex/latex/amsmath\amsbsy.s
ty"
Package: amsbsy 1999/11/29 v1.2d Bold Symbols
\pmbraise@=\dimen104
) ("C:\Users\Nick\AppData\Local\Programs\MiKTeX 2.9\tex/latex/amsmath\amsopn.st
y"
Package: amsopn 2016/03/08 v2.02 operator names
)
\inf@bad=\count89
LaTeX Info: Redefining \frac on input line 223.
\uproot@=\count90
\leftroot@=\count91
LaTeX Info: Redefining \overline on input line 385.
\classnum@=\count92
\DOTSCASE@=\count93
LaTeX Info: Redefining \ldots on input line 482.
LaTeX Info: Redefining \dots on input line 485.
LaTeX Info: Redefining \cdots on input line 606.
\Mathstrutbox@=\box27
\strutbox@=\box28
\big@size=\dimen105
LaTeX Font Info:    Redeclaring font encoding OML on input line 729.
LaTeX Font Info:    Redeclaring font encoding OMS on input line 730.
\macc@depth=\count94
\c@MaxMatrixCols=\count95
\dotsspace@=\muskip10
\c@parentequation=\count96
\dspbrk@lvl=\count97
\tag@help=\toks16
\row@=\count98
\column@=\count99
\maxfields@=\count100
\andhelp@=\toks17
\eqnshift@=\dimen106
\alignsep@=\dimen107
\tagshift@=\dimen108
\tagwidth@=\dimen109
\totwidth@=\dimen110
\lineht@=\dimen111
\@envbody=\toks18
\multlinegap=\skip44
\multlinetaggap=\skip45
\mathdisplay@stack=\toks19
LaTeX Info: Redefining \[ on input line 2844.
LaTeX Info: Redefining \] on input line 2845.
)
("C:\Users\Nick\AppData\Local\Programs\MiKTeX 2.9\tex/generic/ifxetex\ifxetex.s
ty"
Package: ifxetex 2010/09/12 v0.6 Provides ifxetex conditional
)
("C:\Users\Nick\AppData\Local\Programs\MiKTeX 2.9\tex/generic/oberdiek\ifluatex
.sty"
Package: ifluatex 2016/05/16 v1.4 Provides the ifluatex switch (HO)
Package ifluatex Info: LuaTeX not detected.
) ("C:\Users\Nick\AppData\Local\Programs\MiKTeX 2.9\tex/latex/base\fixltx2e.sty
"
Package: fixltx2e 2016/12/29 v2.1a fixes to LaTeX (obsolete)
Applying: [2015/01/01] Old fixltx2e package on input line 46.

Package fixltx2e Warning: fixltx2e is not required with releases after 2015
(fixltx2e)                All fixes are now in the LaTeX kernel.
(fixltx2e)                See the latexrelease package for details.

Already applied: [0000/00/00] Old fixltx2e package on input line 53.
) ("C:\Users\Nick\AppData\Local\Programs\MiKTeX 2.9\tex/latex/base\fontenc.sty"
Package: fontenc 2018/08/11 v2.0j Standard LaTeX package
("C:\Users\Nick\AppData\Local\Programs\MiKTeX 2.9\tex/latex/base\t1enc.def"
File: t1enc.def 2018/08/11 v2.0j Standard LaTeX file
LaTeX Font Info:    Redeclaring font encoding T1 on input line 48.
)) ("C:\Users\Nick\AppData\Local\Programs\MiKTeX 2.9\tex/latex/base\inputenc.st
y"
Package: inputenc 2018/08/11 v1.3c Input encoding file
\inpenc@prehook=\toks20
\inpenc@posthook=\toks21
) ("C:\Users\Nick\AppData\Local\Programs\MiKTeX 2.9\tex/latex/upquote\upquote.s
ty"
Package: upquote 2012/04/19 v1.3 upright-quote and grave-accent glyphs in verba
tim
("C:\Users\Nick\AppData\Local\Programs\MiKTeX 2.9\tex/latex/base\textcomp.sty"
Package: textcomp 2018/08/11 v2.0j Standard LaTeX package
Package textcomp Info: Sub-encoding information:
(textcomp)               5 = only ISO-Adobe without \textcurrency
(textcomp)               4 = 5 + \texteuro
(textcomp)               3 = 4 + \textohm
(textcomp)               2 = 3 + \textestimated + \textcurrency
(textcomp)               1 = TS1 - \textcircled - \t
(textcomp)               0 = TS1 (full)
(textcomp)             Font families with sub-encoding setting implement
(textcomp)             only a restricted character set as indicated.
(textcomp)             Family '?' is the default used for unknown fonts.
(textcomp)             See the documentation for details.
Package textcomp Info: Setting ? sub-encoding to TS1/1 on input line 79.
("C:\Users\Nick\AppData\Local\Programs\MiKTeX 2.9\tex/latex/base\ts1enc.def"
File: ts1enc.def 2001/06/05 v3.0e (jk/car/fm) Standard LaTeX file
Now handling font encoding TS1 ...
... processing UTF-8 mapping file for font encoding TS1
("C:\Users\Nick\AppData\Local\Programs\MiKTeX 2.9\tex/latex/base\ts1enc.dfu"
File: ts1enc.dfu 2018/10/05 v1.2f UTF-8 support for inputenc
   defining Unicode char U+00A2 (decimal 162)
   defining Unicode char U+00A3 (decimal 163)
   defining Unicode char U+00A4 (decimal 164)
   defining Unicode char U+00A5 (decimal 165)
   defining Unicode char U+00A6 (decimal 166)
   defining Unicode char U+00A7 (decimal 167)
   defining Unicode char U+00A8 (decimal 168)
   defining Unicode char U+00A9 (decimal 169)
   defining Unicode char U+00AA (decimal 170)
   defining Unicode char U+00AC (decimal 172)
   defining Unicode char U+00AE (decimal 174)
   defining Unicode char U+00AF (decimal 175)
   defining Unicode char U+00B0 (decimal 176)
   defining Unicode char U+00B1 (decimal 177)
   defining Unicode char U+00B2 (decimal 178)
   defining Unicode char U+00B3 (decimal 179)
   defining Unicode char U+00B4 (decimal 180)
   defining Unicode char U+00B5 (decimal 181)
   defining Unicode char U+00B6 (decimal 182)
   defining Unicode char U+00B7 (decimal 183)
   defining Unicode char U+00B9 (decimal 185)
   defining Unicode char U+00BA (decimal 186)
   defining Unicode char U+00BC (decimal 188)
   defining Unicode char U+00BD (decimal 189)
   defining Unicode char U+00BE (decimal 190)
   defining Unicode char U+00D7 (decimal 215)
   defining Unicode char U+00F7 (decimal 247)
   defining Unicode char U+0192 (decimal 402)
   defining Unicode char U+02C7 (decimal 711)
   defining Unicode char U+02D8 (decimal 728)
   defining Unicode char U+02DD (decimal 733)
   defining Unicode char U+0E3F (decimal 3647)
   defining Unicode char U+2016 (decimal 8214)
   defining Unicode char U+2020 (decimal 8224)
   defining Unicode char U+2021 (decimal 8225)
   defining Unicode char U+2022 (decimal 8226)
   defining Unicode char U+2030 (decimal 8240)
   defining Unicode char U+2031 (decimal 8241)
   defining Unicode char U+203B (decimal 8251)
   defining Unicode char U+203D (decimal 8253)
   defining Unicode char U+2044 (decimal 8260)
   defining Unicode char U+204E (decimal 8270)
   defining Unicode char U+2052 (decimal 8274)
   defining Unicode char U+20A1 (decimal 8353)
   defining Unicode char U+20A4 (decimal 8356)
   defining Unicode char U+20A6 (decimal 8358)
   defining Unicode char U+20A9 (decimal 8361)
   defining Unicode char U+20AB (decimal 8363)
   defining Unicode char U+20AC (decimal 8364)
   defining Unicode char U+20B1 (decimal 8369)
   defining Unicode char U+2103 (decimal 8451)
   defining Unicode char U+2116 (decimal 8470)
   defining Unicode char U+2117 (decimal 8471)
   defining Unicode char U+211E (decimal 8478)
   defining Unicode char U+2120 (decimal 8480)
   defining Unicode char U+2122 (decimal 8482)
   defining Unicode char U+2126 (decimal 8486)
   defining Unicode char U+2127 (decimal 8487)
   defining Unicode char U+212E (decimal 8494)
   defining Unicode char U+2190 (decimal 8592)
   defining Unicode char U+2191 (decimal 8593)
   defining Unicode char U+2192 (decimal 8594)
   defining Unicode char U+2193 (decimal 8595)
   defining Unicode char U+2329 (decimal 9001)
   defining Unicode char U+232A (decimal 9002)
   defining Unicode char U+2422 (decimal 9250)
   defining Unicode char U+25E6 (decimal 9702)
   defining Unicode char U+25EF (decimal 9711)
   defining Unicode char U+266A (decimal 9834)
   defining Unicode char U+FEFF (decimal 65279)
))
LaTeX Info: Redefining \oldstylenums on input line 334.
Package textcomp Info: Setting cmr sub-encoding to TS1/0 on input line 349.
Package textcomp Info: Setting cmss sub-encoding to TS1/0 on input line 350.
Package textcomp Info: Setting cmtt sub-encoding to TS1/0 on input line 351.
Package textcomp Info: Setting cmvtt sub-encoding to TS1/0 on input line 352.
Package textcomp Info: Setting cmbr sub-encoding to TS1/0 on input line 353.
Package textcomp Info: Setting cmtl sub-encoding to TS1/0 on input line 354.
Package textcomp Info: Setting ccr sub-encoding to TS1/0 on input line 355.
Package textcomp Info: Setting ptm sub-encoding to TS1/4 on input line 356.
Package textcomp Info: Setting pcr sub-encoding to TS1/4 on input line 357.
Package textcomp Info: Setting phv sub-encoding to TS1/4 on input line 358.
Package textcomp Info: Setting ppl sub-encoding to TS1/3 on input line 359.
Package textcomp Info: Setting pag sub-encoding to TS1/4 on input line 360.
Package textcomp Info: Setting pbk sub-encoding to TS1/4 on input line 361.
Package textcomp Info: Setting pnc sub-encoding to TS1/4 on input line 362.
Package textcomp Info: Setting pzc sub-encoding to TS1/4 on input line 363.
Package textcomp Info: Setting bch sub-encoding to TS1/4 on input line 364.
Package textcomp Info: Setting put sub-encoding to TS1/5 on input line 365.
Package textcomp Info: Setting uag sub-encoding to TS1/5 on input line 366.
Package textcomp Info: Setting ugq sub-encoding to TS1/5 on input line 367.
Package textcomp Info: Setting ul8 sub-encoding to TS1/4 on input line 368.
Package textcomp Info: Setting ul9 sub-encoding to TS1/4 on input line 369.
Package textcomp Info: Setting augie sub-encoding to TS1/5 on input line 370.
Package textcomp Info: Setting dayrom sub-encoding to TS1/3 on input line 371.
Package textcomp Info: Setting dayroms sub-encoding to TS1/3 on input line 372.

Package textcomp Info: Setting pxr sub-encoding to TS1/0 on input line 373.
Package textcomp Info: Setting pxss sub-encoding to TS1/0 on input line 374.
Package textcomp Info: Setting pxtt sub-encoding to TS1/0 on input line 375.
Package textcomp Info: Setting txr sub-encoding to TS1/0 on input line 376.
Package textcomp Info: Setting txss sub-encoding to TS1/0 on input line 377.
Package textcomp Info: Setting txtt sub-encoding to TS1/0 on input line 378.
Package textcomp Info: Setting lmr sub-encoding to TS1/0 on input line 379.
Package textcomp Info: Setting lmdh sub-encoding to TS1/0 on input line 380.
Package textcomp Info: Setting lmss sub-encoding to TS1/0 on input line 381.
Package textcomp Info: Setting lmssq sub-encoding to TS1/0 on input line 382.
Package textcomp Info: Setting lmvtt sub-encoding to TS1/0 on input line 383.
Package textcomp Info: Setting lmtt sub-encoding to TS1/0 on input line 384.
Package textcomp Info: Setting qhv sub-encoding to TS1/0 on input line 385.
Package textcomp Info: Setting qag sub-encoding to TS1/0 on input line 386.
Package textcomp Info: Setting qbk sub-encoding to TS1/0 on input line 387.
Package textcomp Info: Setting qcr sub-encoding to TS1/0 on input line 388.
Package textcomp Info: Setting qcs sub-encoding to TS1/0 on input line 389.
Package textcomp Info: Setting qpl sub-encoding to TS1/0 on input line 390.
Package textcomp Info: Setting qtm sub-encoding to TS1/0 on input line 391.
Package textcomp Info: Setting qzc sub-encoding to TS1/0 on input line 392.
Package textcomp Info: Setting qhvc sub-encoding to TS1/0 on input line 393.
Package textcomp Info: Setting futs sub-encoding to TS1/4 on input line 394.
Package textcomp Info: Setting futx sub-encoding to TS1/4 on input line 395.
Package textcomp Info: Setting futj sub-encoding to TS1/4 on input line 396.
Package textcomp Info: Setting hlh sub-encoding to TS1/3 on input line 397.
Package textcomp Info: Setting hls sub-encoding to TS1/3 on input line 398.
Package textcomp Info: Setting hlst sub-encoding to TS1/3 on input line 399.
Package textcomp Info: Setting hlct sub-encoding to TS1/5 on input line 400.
Package textcomp Info: Setting hlx sub-encoding to TS1/5 on input line 401.
Package textcomp Info: Setting hlce sub-encoding to TS1/5 on input line 402.
Package textcomp Info: Setting hlcn sub-encoding to TS1/5 on input line 403.
Package textcomp Info: Setting hlcw sub-encoding to TS1/5 on input line 404.
Package textcomp Info: Setting hlcf sub-encoding to TS1/5 on input line 405.
Package textcomp Info: Setting pplx sub-encoding to TS1/3 on input line 406.
Package textcomp Info: Setting pplj sub-encoding to TS1/3 on input line 407.
Package textcomp Info: Setting ptmx sub-encoding to TS1/4 on input line 408.
Package textcomp Info: Setting ptmj sub-encoding to TS1/4 on input line 409.
))
("C:\Users\Nick\AppData\Local\Programs\MiKTeX 2.9\tex/latex/microtype\microtype
.sty"
Package: microtype 2019/02/28 v2.7b Micro-typographical refinements (RS)
("C:\Users\Nick\AppData\Local\Programs\MiKTeX 2.9\tex/latex/graphics\keyval.sty
"
Package: keyval 2014/10/28 v1.15 key=value parser (DPC)
\KV@toks@=\toks22
)
\MT@toks=\toks23
\MT@count=\count101
LaTeX Info: Redefining \textls on input line 790.
\MT@outer@kern=\dimen112
LaTeX Info: Redefining \textmicrotypecontext on input line 1336.
\MT@listname@count=\count102

("C:\Users\Nick\AppData\Local\Programs\MiKTeX 2.9\tex/latex/microtype\microtype
-pdftex.def"
File: microtype-pdftex.def 2019/02/28 v2.7b Definitions specific to pdftex (RS)

LaTeX Info: Redefining \lsstyle on input line 914.
LaTeX Info: Redefining \lslig on input line 914.
\MT@outer@space=\skip46
)
Package microtype Info: Loading configuration file microtype.cfg.

("C:\Users\Nick\AppData\Local\Programs\MiKTeX 2.9\tex/latex/microtype\microtype
.cfg"
File: microtype.cfg 2019/02/28 v2.7b microtype main configuration file (RS)
))
("C:\Users\Nick\AppData\Local\Programs\MiKTeX 2.9\tex/latex/hyperref\hyperref.s
ty"
Package: hyperref 2019/06/12 v6.88h Hypertext links for LaTeX

("C:\Users\Nick\AppData\Local\Programs\MiKTeX 2.9\tex/generic/oberdiek\hobsub-h
yperref.sty"
Package: hobsub-hyperref 2016/05/16 v1.14 Bundle oberdiek, subset hyperref (HO)


("C:\Users\Nick\AppData\Local\Programs\MiKTeX 2.9\tex/generic/oberdiek\hobsub-g
eneric.sty"
Package: hobsub-generic 2016/05/16 v1.14 Bundle oberdiek, subset generic (HO)
Package: hobsub 2016/05/16 v1.14 Construct package bundles (HO)
Package: infwarerr 2016/05/16 v1.4 Providing info/warning/error messages (HO)
Package: ltxcmds 2016/05/16 v1.23 LaTeX kernel commands for general use (HO)
Package hobsub Info: Skipping package `ifluatex' (already loaded).
Package: ifvtex 2016/05/16 v1.6 Detect VTeX and its facilities (HO)
Package ifvtex Info: VTeX not detected.
Package: intcalc 2016/05/16 v1.2 Expandable calculations with integers (HO)
Package: ifpdf 2018/09/07 v3.3 Provides the ifpdf switch
Package: etexcmds 2016/05/16 v1.6 Avoid name clashes with e-TeX commands (HO)
Package: kvsetkeys 2016/05/16 v1.17 Key value parser (HO)
Package: kvdefinekeys 2016/05/16 v1.4 Define keys (HO)
Package: pdftexcmds 2019/07/25 v0.30 Utility functions of pdfTeX for LuaTeX (HO
)
Package pdftexcmds Info: LuaTeX not detected.
Package pdftexcmds Info: \pdf@primitive is available.
Package pdftexcmds Info: \pdf@ifprimitive is available.
Package pdftexcmds Info: \pdfdraftmode found.
Package: pdfescape 2016/05/16 v1.14 Implements pdfTeX's escape features (HO)
Package: bigintcalc 2016/05/16 v1.4 Expandable calculations on big integers (HO
)
Package: bitset 2016/05/16 v1.2 Handle bit-vector datatype (HO)
Package: uniquecounter 2016/05/16 v1.3 Provide unlimited unique counter (HO)
)
Package hobsub Info: Skipping package `hobsub' (already loaded).
Package: letltxmacro 2016/05/16 v1.5 Let assignment for LaTeX macros (HO)
Package: hopatch 2016/05/16 v1.3 Wrapper for package hooks (HO)
Package: xcolor-patch 2016/05/16 xcolor patch
Package: atveryend 2016/05/16 v1.9 Hooks at the very end of document (HO)
Package atveryend Info: \enddocument detected (standard20110627).
Package: atbegshi 2016/06/09 v1.18 At begin shipout hook (HO)
Package: refcount 2016/05/16 v3.5 Data extraction from label references (HO)
Package: hycolor 2016/05/16 v1.8 Color options for hyperref/bookmark (HO)
)
("C:\Users\Nick\AppData\Local\Programs\MiKTeX 2.9\tex/latex/oberdiek\auxhook.st
y"
Package: auxhook 2016/05/16 v1.4 Hooks for auxiliary files (HO)
)
("C:\Users\Nick\AppData\Local\Programs\MiKTeX 2.9\tex/latex/oberdiek\kvoptions.
sty"
Package: kvoptions 2016/05/16 v3.12 Key value format for package options (HO)
)
\@linkdim=\dimen113
\Hy@linkcounter=\count103
\Hy@pagecounter=\count104
("C:\Users\Nick\AppData\Local\Programs\MiKTeX 2.9\tex/latex/hyperref\pd1enc.def
"
File: pd1enc.def 2019/06/12 v6.88h Hyperref: PDFDocEncoding definition (HO)
Now handling font encoding PD1 ...
... no UTF-8 mapping file for font encoding PD1
)
\Hy@SavedSpaceFactor=\count105

("C:\Users\Nick\AppData\Local\Programs\MiKTeX 2.9\tex/latex/00miktex\hyperref.c
fg"
File: hyperref.cfg 2002/06/06 v1.2 hyperref configuration of TeXLive
)
Package hyperref Info: Hyper figures OFF on input line 4550.
Package hyperref Info: Link nesting OFF on input line 4555.
Package hyperref Info: Hyper index ON on input line 4558.
Package hyperref Info: Plain pages OFF on input line 4565.
Package hyperref Info: Backreferencing OFF on input line 4570.
Package hyperref Info: Implicit mode ON; LaTeX internals redefined.
Package hyperref Info: Bookmarks ON on input line 4803.
\c@Hy@tempcnt=\count106
("C:\Users\Nick\AppData\Local\Programs\MiKTeX 2.9\tex/latex/url\url.sty"
\Urlmuskip=\muskip11
Package: url 2013/09/16  ver 3.4  Verb mode for urls, etc.
)
LaTeX Info: Redefining \url on input line 5156.
\XeTeXLinkMargin=\dimen114
\Fld@menulength=\count107
\Field@Width=\dimen115
\Fld@charsize=\dimen116
Package hyperref Info: Hyper figures OFF on input line 6411.
Package hyperref Info: Link nesting OFF on input line 6416.
Package hyperref Info: Hyper index ON on input line 6419.
Package hyperref Info: backreferencing OFF on input line 6426.
Package hyperref Info: Link coloring OFF on input line 6431.
Package hyperref Info: Link coloring with OCG OFF on input line 6436.
Package hyperref Info: PDF/A mode OFF on input line 6441.
LaTeX Info: Redefining \ref on input line 6481.
LaTeX Info: Redefining \pageref on input line 6485.
\Hy@abspage=\count108
\c@Item=\count109
\c@Hfootnote=\count110
)
Package hyperref Info: Driver (autodetected): hpdftex.

("C:\Users\Nick\AppData\Local\Programs\MiKTeX 2.9\tex/latex/hyperref\hpdftex.de
f"
File: hpdftex.def 2019/06/12 v6.88h Hyperref driver for pdfTeX
\Fld@listcount=\count111
\c@bookmark@seq@number=\count112

("C:\Users\Nick\AppData\Local\Programs\MiKTeX 2.9\tex/latex/oberdiek\rerunfilec
heck.sty"
Package: rerunfilecheck 2016/05/16 v1.8 Rerun checks for auxiliary files (HO)
Package uniquecounter Info: New unique counter `rerunfilecheck' on input line 2
82.
)
\Hy@SectionHShift=\skip47
)
Package hyperref Info: Option `unicode' set `true' on input line 30.
("C:\Users\Nick\AppData\Local\Programs\MiKTeX 2.9\tex/latex/hyperref\puenc.def"
File: puenc.def 2019/06/12 v6.88h Hyperref: PDF Unicode definition (HO)
Now handling font encoding PU ...
... no UTF-8 mapping file for font encoding PU
)
Package hyperref Info: Option `breaklinks' set `true' on input line 30.
("C:\Users\Nick\AppData\Local\Programs\MiKTeX 2.9\tex/latex/tools\longtable.sty
"
Package: longtable 2014/10/28 v4.11 Multi-page Table package (DPC)+ FMi change
\LTleft=\skip48
\LTright=\skip49
\LTpre=\skip50
\LTpost=\skip51
\LTchunksize=\count113
\LTcapwidth=\dimen117
\LT@head=\box29
\LT@firsthead=\box30
\LT@foot=\box31
\LT@lastfoot=\box32
\LT@cols=\count114
\LT@rows=\count115
\c@LT@tables=\count116
\c@LT@chunks=\count117
\LT@p@ftn=\toks24
)
("C:\Users\Nick\AppData\Local\Programs\MiKTeX 2.9\tex/latex/booktabs\booktabs.s
ty"
Package: booktabs 2005/04/14 v1.61803 publication quality tables
\heavyrulewidth=\dimen118
\lightrulewidth=\dimen119
\cmidrulewidth=\dimen120
\belowrulesep=\dimen121
\belowbottomsep=\dimen122
\aboverulesep=\dimen123
\abovetopsep=\dimen124
\cmidrulesep=\dimen125
\cmidrulekern=\dimen126
\defaultaddspace=\dimen127
\@cmidla=\count118
\@cmidlb=\count119
\@aboverulesep=\dimen128
\@belowrulesep=\dimen129
\@thisruleclass=\count120
\@lastruleclass=\count121
\@thisrulewidth=\dimen130
)
("C:\Users\Nick\AppData\Local\Programs\MiKTeX 2.9\tex/latex/graphics\graphicx.s
ty"
Package: graphicx 2017/06/01 v1.1a Enhanced LaTeX Graphics (DPC,SPQR)

("C:\Users\Nick\AppData\Local\Programs\MiKTeX 2.9\tex/latex/graphics\graphics.s
ty"
Package: graphics 2017/06/25 v1.2c Standard LaTeX Graphics (DPC,SPQR)
("C:\Users\Nick\AppData\Local\Programs\MiKTeX 2.9\tex/latex/graphics\trig.sty"
Package: trig 2016/01/03 v1.10 sin cos tan (DPC)
)
("C:\Users\Nick\AppData\Local\Programs\MiKTeX 2.9\tex/latex/graphics-cfg\graphi
cs.cfg"
File: graphics.cfg 2016/06/04 v1.11 sample graphics configuration
)
Package graphics Info: Driver file: pdftex.def on input line 99.

("C:\Users\Nick\AppData\Local\Programs\MiKTeX 2.9\tex/latex/graphics-def\pdftex
.def"
File: pdftex.def 2018/01/08 v1.0l Graphics/color driver for pdftex
))
\Gin@req@height=\dimen131
\Gin@req@width=\dimen132
)
("C:\Users\Nick\AppData\Local\Programs\MiKTeX 2.9\tex/latex/oberdiek\grffile.st
y"
Package: grffile 2017/06/30 v1.18 Extended file name support for graphics (HO)
Package grffile Info: Option `multidot' is set to `true'.
Package grffile Info: Option `extendedchars' is set to `false'.
Package grffile Info: Option `space' is set to `true'.
Package grffile Info: \Gin@ii of package `graphicx' fixed on input line 494.
) ("C:\Users\Nick\AppData\Local\Programs\MiKTeX 2.9\tex/latex/parskip\parskip.s
ty"
Package: parskip 2019-01-16 v2.0c non-zero parskip adjustments

("C:\Users\Nick\AppData\Local\Programs\MiKTeX 2.9\tex/latex/etoolbox\etoolbox.s
ty"
Package: etoolbox 2018/08/19 v2.5f e-TeX tools for LaTeX (JAW)
\etb@tempcnta=\count122
)) ("C:\Users\Nick\AppData\Local\Programs\MiKTeX 2.9\tex/latex/titling\titling.
sty"
Package: titling 2009/09/04 v2.1d maketitle typesetting
\thanksmarkwidth=\skip52
\thanksmargin=\skip53
\droptitle=\skip54
) ("C:\Users\Nick\AppData\Local\Programs\MiKTeX 2.9\tex/latex/psnfss\charter.st
y"
Package: charter 2005/04/12 PSNFSS-v9.2a (P.Dyballa) 
)
("C:\Users\Nick\AppData\Local\Programs\MiKTeX 2.9\tex/latex/titlesec\titlesec.s
ty"
Package: titlesec 2019/07/16 v2.11 Sectioning titles
\ttl@box=\box33
\beforetitleunit=\skip55
\aftertitleunit=\skip56
\ttl@plus=\dimen133
\ttl@minus=\dimen134
\ttl@toksa=\toks25
\titlewidth=\dimen135
\titlewidthlast=\dimen136
\titlewidthfirst=\dimen137
) ("C:\Users\Nick\AppData\Local\Programs\MiKTeX 2.9\tex/latex/tocloft\tocloft.s
ty"
Package: tocloft 2017/08/31 v2.3i parameterised ToC, etc., typesetting
Package tocloft Info: The document has chapter divisions on input line 51.
\cftparskip=\skip57
\cftbeforetoctitleskip=\skip58
\cftaftertoctitleskip=\skip59
\cftbeforepartskip=\skip60
\cftpartnumwidth=\skip61
\cftpartindent=\skip62
\cftbeforechapskip=\skip63
\cftchapindent=\skip64
\cftchapnumwidth=\skip65
\cftbeforesecskip=\skip66
\cftsecindent=\skip67
\cftsecnumwidth=\skip68
\cftbeforesubsecskip=\skip69
\cftsubsecindent=\skip70
\cftsubsecnumwidth=\skip71
\cftbeforesubsubsecskip=\skip72
\cftsubsubsecindent=\skip73
\cftsubsubsecnumwidth=\skip74
\cftbeforeparaskip=\skip75
\cftparaindent=\skip76
\cftparanumwidth=\skip77
\cftbeforesubparaskip=\skip78
\cftsubparaindent=\skip79
\cftsubparanumwidth=\skip80
\cftbeforeloftitleskip=\skip81
\cftafterloftitleskip=\skip82
\cftbeforefigskip=\skip83
\cftfigindent=\skip84
\cftfignumwidth=\skip85
\c@lofdepth=\count123
\c@lotdepth=\count124
\cftbeforelottitleskip=\skip86
\cftafterlottitleskip=\skip87
\cftbeforetabskip=\skip88
\cfttabindent=\skip89
\cfttabnumwidth=\skip90

Package tocloft Warning: \@starttoc has already been redefined; tocloft bailing
 out. on input line 1147.

) ("C:\Users\Nick\AppData\Local\Programs\MiKTeX 2.9\tex/latex/xcolor\xcolor.sty
"
Package: xcolor 2016/05/11 v2.12 LaTeX color extensions (UK)

("C:\Users\Nick\AppData\Local\Programs\MiKTeX 2.9\tex/latex/graphics-cfg\color.
cfg"
File: color.cfg 2016/01/02 v1.6 sample color configuration
)
Package xcolor Info: Driver file: pdftex.def on input line 225.
Package xcolor Info: Model `cmy' substituted by `cmy0' on input line 1348.
Package xcolor Info: Model `hsb' substituted by `rgb' on input line 1352.
Package xcolor Info: Model `RGB' extended on input line 1364.
Package xcolor Info: Model `HTML' substituted by `rgb' on input line 1366.
Package xcolor Info: Model `Hsb' substituted by `hsb' on input line 1367.
Package xcolor Info: Model `tHsb' substituted by `hsb' on input line 1368.
Package xcolor Info: Model `HSB' substituted by `hsb' on input line 1369.
Package xcolor Info: Model `Gray' substituted by `gray' on input line 1370.
Package xcolor Info: Model `wave' substituted by `hsb' on input line 1371.
) ("C:\Users\Nick\AppData\Local\Programs\MiKTeX 2.9\tex/latex/base\makeidx.sty"
Package: makeidx 2014/09/29 v1.0m Standard LaTeX package
)
\@indexfile=\write3
\openout3 = `_main.idx'.

Writing index file _main.idx

("C:\Users\Nick\AppData\Local\Programs\MiKTeX 2.9\tex/latex/fancyhdr\fancyhdr.s
ty"
Package: fancyhdr 2019/01/31 v3.10 Extensive control of page headers and footer
s
\f@nch@headwidth=\skip91
\f@nch@O@elh=\skip92
\f@nch@O@erh=\skip93
\f@nch@O@olh=\skip94
\f@nch@O@orh=\skip95
\f@nch@O@elf=\skip96
\f@nch@O@erf=\skip97
\f@nch@O@olf=\skip98
\f@nch@O@orf=\skip99
) (_main.aux)
\openout1 = `_main.aux'.

LaTeX Font Info:    Checking defaults for OML/cmm/m/it on input line 165.
LaTeX Font Info:    ... okay on input line 165.
LaTeX Font Info:    Checking defaults for T1/cmr/m/n on input line 165.
LaTeX Font Info:    ... okay on input line 165.
LaTeX Font Info:    Checking defaults for OT1/cmr/m/n on input line 165.
LaTeX Font Info:    ... okay on input line 165.
LaTeX Font Info:    Checking defaults for OMS/cmsy/m/n on input line 165.
LaTeX Font Info:    ... okay on input line 165.
LaTeX Font Info:    Checking defaults for OMX/cmex/m/n on input line 165.
LaTeX Font Info:    ... okay on input line 165.
LaTeX Font Info:    Checking defaults for U/cmr/m/n on input line 165.
LaTeX Font Info:    ... okay on input line 165.
LaTeX Font Info:    Checking defaults for TS1/cmr/m/n on input line 165.
LaTeX Font Info:    Try loading font information for TS1+cmr on input line 165.

("C:\Users\Nick\AppData\Local\Programs\MiKTeX 2.9\tex/latex/base\ts1cmr.fd"
File: ts1cmr.fd 2014/09/29 v2.5h Standard LaTeX font definitions
)
LaTeX Font Info:    ... okay on input line 165.
LaTeX Font Info:    Checking defaults for PD1/pdf/m/n on input line 165.
LaTeX Font Info:    ... okay on input line 165.
LaTeX Font Info:    Checking defaults for PU/pdf/m/n on input line 165.
LaTeX Font Info:    ... okay on input line 165.
LaTeX Font Info:    Try loading font information for T1+bch on input line 165.
("C:\Users\Nick\AppData\Local\Programs\MiKTeX 2.9\tex/latex/psnfss\t1bch.fd"
File: t1bch.fd 2004/10/18 font definitions for T1/bch.
)
LaTeX Info: Redefining \microtypecontext on input line 165.
Package microtype Info: Generating PDF output.
Package microtype Info: Character protrusion enabled (level 2).
Package microtype Info: Using protrusion set `basicmath'.
Package microtype Info: Automatic font expansion enabled (level 2),
(microtype)             stretch: 20, shrink: 20, step: 1, non-selected.
Package microtype Info: Using default expansion set `basictext'.
Package microtype Info: No adjustment of tracking.
Package microtype Info: No adjustment of interword spacing.
Package microtype Info: No adjustment of character kerning.

("C:\Users\Nick\AppData\Local\Programs\MiKTeX 2.9\tex/latex/microtype\mt-bch.cf
g"
File: mt-bch.cfg 2007/03/03 v1.5 microtype config. file: Bitstream Charter (RS)

)
\AtBeginShipoutBox=\box34
Package hyperref Info: Link coloring OFF on input line 165.

("C:\Users\Nick\AppData\Local\Programs\MiKTeX 2.9\tex/latex/hyperref\nameref.st
y"
Package: nameref 2016/05/21 v2.44 Cross-referencing by name of section

("C:\Users\Nick\AppData\Local\Programs\MiKTeX 2.9\tex/generic/oberdiek\gettitle
string.sty"
Package: gettitlestring 2016/05/16 v1.5 Cleanup title references (HO)
)
\c@section@level=\count125
)
LaTeX Info: Redefining \ref on input line 165.
LaTeX Info: Redefining \pageref on input line 165.
LaTeX Info: Redefining \nameref on input line 165.
(_main.out) (_main.out)
\@outlinefile=\write4
\openout4 = `_main.out'.


("C:\Users\Nick\AppData\Local\Programs\MiKTeX 2.9\tex/context/base/mkii\supp-pd
f.mkii"
[Loading MPS to PDF converter (version 2006.09.02).]
\scratchcounter=\count126
\scratchdimen=\dimen138
\scratchbox=\box35
\nofMPsegments=\count127
\nofMParguments=\count128
\everyMPshowfont=\toks26
\MPscratchCnt=\count129
\MPscratchDim=\dimen139
\MPnumerator=\count130
\makeMPintoPDFobject=\count131
\everyMPtoPDFconversion=\toks27
)
("C:\Users\Nick\AppData\Local\Programs\MiKTeX 2.9\tex/latex/oberdiek\epstopdf-b
ase.sty"
Package: epstopdf-base 2016/05/15 v2.6 Base part for package epstopdf
("C:\Users\Nick\AppData\Local\Programs\MiKTeX 2.9\tex/latex/oberdiek\grfext.sty
"
Package: grfext 2016/05/16 v1.2 Manage graphics extensions (HO)
)
Package epstopdf-base Info: Redefining graphics rule for `.eps' on input line 4
38.
Package grfext Info: Graphics extension search list:
(grfext)             [.pdf,.png,.jpg,.mps,.jpeg,.jbig2,.jb2,.PDF,.PNG,.JPG,.JPE
G,.JBIG2,.JB2,.eps]
(grfext)             \AppendGraphicsExtensions on input line 456.
) [1



{C:/Users/Nick/AppData/Local/MiKTeX/2.9/pdftex/config/pdftex.map}] (_main.toc [
2

] [3]
Overfull \hbox (1.59647pt too wide) detected at line 148
\T1/bch/b/n/10 10. 
 []


Overfull \hbox (1.59647pt too wide) detected at line 168
\T1/bch/b/n/10 11. 
 []


Overfull \hbox (1.59647pt too wide) detected at line 181
\T1/bch/b/n/10 12. 
 []


Overfull \hbox (1.59647pt too wide) detected at line 215
\T1/bch/b/n/10 13. 
 []

[4]
Overfull \hbox (1.59647pt too wide) detected at line 243
\T1/bch/b/n/10 14. 
 []


Overfull \hbox (1.59647pt too wide) detected at line 249
\T1/bch/b/n/10 15. 
 []


Overfull \hbox (1.59647pt too wide) detected at line 289
\T1/bch/b/n/10 16. 
 []


Overfull \hbox (1.59647pt too wide) detected at line 326
\T1/bch/b/n/10 17. 
 []


Overfull \hbox (1.59647pt too wide) detected at line 336
\T1/bch/b/n/10 18. 
 []

[5]
Overfull \hbox (1.59647pt too wide) detected at line 345
\T1/bch/b/n/10 19. 
 []


Overfull \hbox (1.59647pt too wide) detected at line 354
\T1/bch/b/n/10 20. 
 []


Overfull \hbox (1.59647pt too wide) detected at line 360
\T1/bch/b/n/10 21. 
 []


Overfull \hbox (1.59647pt too wide) detected at line 365
\T1/bch/b/n/10 22. 
 []


Overfull \hbox (1.59647pt too wide) detected at line 393
\T1/bch/b/n/10 23. 
 []


Overfull \hbox (1.59647pt too wide) detected at line 399
\T1/bch/b/n/10 24. 
 []


Overfull \hbox (1.59647pt too wide) detected at line 408
\T1/bch/b/n/10 25. 
 []


Overfull \hbox (1.59647pt too wide) detected at line 418
\T1/bch/b/n/10 26. 
 []

[6])
\tf@toc=\write5
\openout5 = `_main.toc'.

[7]
LaTeX Font Info:    Try loading font information for OT1+lmr on input line 207.

("C:\Users\Nick\AppData\Local\Programs\MiKTeX 2.9\tex/latex/lm\ot1lmr.fd"
File: ot1lmr.fd 2009/10/30 v1.6 Font defs for Latin Modern
)
("C:\Users\Nick\AppData\Local\Programs\MiKTeX 2.9\tex/latex/microtype\mt-cmr.cf
g"
File: mt-cmr.cfg 2013/05/19 v2.2 microtype config. file: Computer Modern Roman 
(RS)
)
LaTeX Font Info:    Try loading font information for OML+lmm on input line 207.

("C:\Users\Nick\AppData\Local\Programs\MiKTeX 2.9\tex/latex/lm\omllmm.fd"
File: omllmm.fd 2009/10/30 v1.6 Font defs for Latin Modern
)
LaTeX Font Info:    Try loading font information for OMS+lmsy on input line 207
.
("C:\Users\Nick\AppData\Local\Programs\MiKTeX 2.9\tex/latex/lm\omslmsy.fd"
File: omslmsy.fd 2009/10/30 v1.6 Font defs for Latin Modern
)
LaTeX Font Info:    Try loading font information for OMX+lmex on input line 207
.
("C:\Users\Nick\AppData\Local\Programs\MiKTeX 2.9\tex/latex/lm\omxlmex.fd"
File: omxlmex.fd 2009/10/30 v1.6 Font defs for Latin Modern
)
LaTeX Font Info:    External font `lmex10' loaded for size
(Font)              <10> on input line 207.
LaTeX Font Info:    External font `lmex10' loaded for size
(Font)              <7> on input line 207.
LaTeX Font Info:    External font `lmex10' loaded for size
(Font)              <5> on input line 207.
LaTeX Font Info:    Try loading font information for U+msa on input line 207.
("C:\Users\Nick\AppData\Local\Programs\MiKTeX 2.9\tex/latex/amsfonts\umsa.fd"
File: umsa.fd 2013/01/14 v3.01 AMS symbols A
)
("C:\Users\Nick\AppData\Local\Programs\MiKTeX 2.9\tex/latex/microtype\mt-msa.cf
g"
File: mt-msa.cfg 2006/02/04 v1.1 microtype config. file: AMS symbols (a) (RS)
)
LaTeX Font Info:    Try loading font information for U+msb on input line 207.
("C:\Users\Nick\AppData\Local\Programs\MiKTeX 2.9\tex/latex/amsfonts\umsb.fd"
File: umsb.fd 2013/01/14 v3.01 AMS symbols B
)
("C:\Users\Nick\AppData\Local\Programs\MiKTeX 2.9\tex/latex/microtype\mt-msb.cf
g"
File: mt-msb.cfg 2005/06/01 v1.0 microtype config. file: AMS symbols (b) (RS)
)
LaTeX Font Info:    Try loading font information for T1+lmtt on input line 223.

("C:\Users\Nick\AppData\Local\Programs\MiKTeX 2.9\tex/latex/lm\t1lmtt.fd"
File: t1lmtt.fd 2009/10/30 v1.6 Font defs for Latin Modern
) [8

]
LaTeX Font Info:    Try loading font information for TS1+bch on input line 248.

("C:\Users\Nick\AppData\Local\Programs\MiKTeX 2.9\tex/latex/psnfss\ts1bch.fd"
File: ts1bch.fd 2004/10/18 font definitions for TS1/bch.
) [9] [1


]
Chapter 1.
LaTeX Font Info:    Try loading font information for TS1+lmtt on input line 325
.
("C:\Users\Nick\AppData\Local\Programs\MiKTeX 2.9\tex/latex/lm\ts1lmtt.fd"
File: ts1lmtt.fd 2009/10/30 v1.6 Font defs for Latin Modern
) [2

] [3]
Chapter 2.
[4

] [5]
Underfull \hbox (badness 10000) in paragraph at lines 463--464

 []

[6]
Chapter 3.
[7

] [8] [9]
LaTeX Font Info:    External font `lmex10' loaded for size
(Font)              <8> on input line 685.
LaTeX Font Info:    External font `lmex10' loaded for size
(Font)              <6> on input line 685.

Underfull \hbox (badness 10000) in paragraph at lines 724--725

 []

[10]
Underfull \hbox (badness 10000) in paragraph at lines 735--736

 []


Underfull \hbox (badness 10000) in paragraph at lines 746--747

 []


Underfull \hbox (badness 10000) in paragraph at lines 757--758

 []


Underfull \hbox (badness 10000) in paragraph at lines 768--769

 []


Underfull \hbox (badness 10000) in paragraph at lines 779--780

 []

[11]
Underfull \hbox (badness 10000) in paragraph at lines 801--802

 []


Underfull \hbox (badness 10000) in paragraph at lines 812--813

 []


Underfull \hbox (badness 10000) in paragraph at lines 823--824

 []

[12] [13] [14] [15] [16] [17] [18] [19]
Overfull \hbox (5.62685pt too wide) detected at line 1303
[]\OT1/lmr/m/n/10 (\OML/lmm/m/it/10 n; x\OT1/lmr/m/n/10 ) = []
 []

[20] [21] [22] [23] [24] [25]
Chapter 4.
[26

] [27] [28] [29] [30] [31] [32]
Chapter 5.
[33

] [34] [35] [36] [37]
Underfull \hbox (badness 1048) in paragraph at lines 2346--2349
\T1/bch/m/n/10 (+20) The quadratic form us-ing the col-umn vec-tor v as a di-ag
-o-nal ma-trix, i.e.,
 []

[38]
Underfull \hbox (badness 2126) in paragraph at lines 2352--2355
\T1/bch/m/n/10 (+20) The quadratic form us-ing the row vec-tor rv as a di-ag-o-
nal ma-trix, i.e.,
 []

[39] [40] [41] [42] [43] [44] [45] [46]
Underfull \hbox (badness 6808) in paragraph at lines 2937--2940
[]\T1/lmtt/m/n/10 matrix \T1/lmtt/b/n/10 cov_exp_quad\T1/lmtt/m/n/10 (row_vecto
rs x1, row_vectors x2, real alpha, real
 []

[47]
Underfull \hbox (badness 10000) in paragraph at lines 2979--2980

 []


Underfull \hbox (badness 10000) in paragraph at lines 2983--2984

 []

[48] [49] [50] [51] [52] [53]
Chapter 6.
[54

] [55] [56]
Chapter 7.
[57

] [58] [59]
Chapter 8.
[60

] [61] [62]
Chapter 9.
[63

]
Underfull \hbox (badness 10000) in paragraph at lines 3877--3880
[]\T1/lmtt/m/n/10 vector \T1/lmtt/b/n/10 algebra_solver\T1/lmtt/m/n/10 (functio
n algebra_system, vector y_guess,
 []


Underfull \hbox (badness 10000) in paragraph at lines 3877--3880
\T1/lmtt/m/n/10 vector theta, real[] x_r, int[] x_i, real rel_tol, real f_tol, 
int
 []

[64] [65]
Underfull \hbox (badness 10000) in paragraph at lines 4026--4030
\T1/lmtt/m/n/10 initial_time, real[] times, real[] theta, real[] x_r, int[] x_i
,
 []


Underfull \hbox (badness 10000) in paragraph at lines 4033--4036
[]\T1/lmtt/m/n/10 real[ , ] \T1/lmtt/b/n/10 integrate_ode\T1/lmtt/m/n/10 (funct
ion ode, real[] initial_state, real
 []


Underfull \hbox (badness 10000) in paragraph at lines 4042--4046
[]\T1/lmtt/m/n/10 real[] \T1/lmtt/b/n/10 integrate_ode_bdf\T1/lmtt/m/n/10 (func
tion ode, real[] initial_state, real
 []


Underfull \hbox (badness 10000) in paragraph at lines 4042--4046
\T1/lmtt/m/n/10 initial_time, real[] times, real[] theta, data real[] x_r, data

 []


Underfull \hbox (badness 10000) in paragraph at lines 4049--4053
[]\T1/lmtt/m/n/10 real[] \T1/lmtt/b/n/10 integrate_ode_bdf\T1/lmtt/m/n/10 (func
tion ode, real[] initial_state,
 []


Underfull \hbox (badness 10000) in paragraph at lines 4049--4053
\T1/lmtt/m/n/10 real initial_time, real[] times, real[] theta, data real[] x_r,

 []


Underfull \hbox (badness 10000) in paragraph at lines 4049--4053
\T1/lmtt/m/n/10 data int[] x_i, data real rel_tol, data real abs_tol, dta int
 []

[66] [67] [68]
Underfull \hbox (badness 10000) in paragraph at lines 4184--4186
[]\T1/lmtt/m/n/10 vector \T1/lmtt/b/n/10 integrate\_1d \T1/lmtt/m/n/10 (functio
n integrand, real a, real b, real[]
 []

[69] [70]
Underfull \hbox (badness 10000) in paragraph at lines 4326--4333
[]\T1/lmtt/m/n/10 vector \T1/lmtt/b/n/10 map_rect\T1/lmtt/m/n/10 (F f, vector p
hi, vector[] theta, data real[,] x_r,
 []

[71] [72

]
Chapter 10.
[73

] [74] [75] [76] [77] [78]
Chapter 11.
[79

] [80]
Underfull \hbox (badness 6808) in paragraph at lines 4775--4782
[]\T1/lmtt/m/n/10 real \T1/lmtt/b/n/10 bernoulli_logit_glm_lpmf\T1/lmtt/m/n/10 
(int[] y | matrix x, real alpha, vector
 []


Underfull \hbox (badness 10000) in paragraph at lines 4775--4782
\T1/bch/m/n/10 (+20) The log Bernoulli prob-a-bil-ity mass of y given chance of
 suc-cess
 []


Underfull \hbox (badness 10000) in paragraph at lines 4785--4792
[]\T1/lmtt/m/n/10 real \T1/lmtt/b/n/10 bernoulli_logit_glm_lpmf\T1/lmtt/m/n/10 
(int[] y | matrix x, vector alpha,
 []


Underfull \hbox (badness 10000) in paragraph at lines 4785--4792
\T1/bch/m/n/10 (+20) The log Bernoulli prob-a-bil-ity mass of y given chance of
 suc-cess
 []


Overfull \hbox (18.49312pt too wide) has occurred while \output is active
\T1/bch/m/sl/10 11.3.  BERNOULLI-LOGIT GENERALISED LINEAR MODEL (LOGISTIC REGRE
SSION) \T1/bch/m/n/10 81
 []

[81]
Chapter 12.
[82

]
Overfull \hbox (4.27507pt too wide) in alignment at lines 4882--4885
 [][][] []
 []

[83]
Underfull \hbox (badness 1178) in paragraph at lines 4930--4933
[]\T1/bch/m/n/10 (+20) Increment tar-get log prob-a-bil-ity den-sity with \T1/l
mtt/m/n/10 beta_binomial_lpmf( n | N,
 []

[84]

LaTeX Font Warning: Command \normalsize invalid in math mode on input line 4981
.


LaTeX Font Warning: Command \normalsize invalid in math mode on input line 4981
.

[85]
Overfull \hbox (13.4633pt too wide) detected at line 5085
[]\OT1/lmr/m/n/10 (\OML/lmm/m/it/10 k []\OMS/lmsy/m/n/10 j []\OML/lmm/m/it/10 
; c\OT1/lmr/m/n/10 ) = []
 []

[86] [87]
Chapter 13.
[88

]
Overfull \hbox (12.66374pt too wide) has occurred while \output is active
\T1/bch/m/sl/10 13.2.  NEGATIVE BINOMIAL DISTRIBUTION (ALTERNATIVE PARAMETERIZA
TION) \T1/bch/m/n/10 89
 []

[89] [90]
Underfull \hbox (badness 10000) in paragraph at lines 5362--5369
[]\T1/lmtt/m/n/10 real \T1/lmtt/b/n/10 neg_binomial_2_log_glm_lpmf\T1/lmtt/m/n/
10 (int[] y | matrix x, real alpha,
 []


Underfull \hbox (badness 10000) in paragraph at lines 5372--5381
[]\T1/lmtt/m/n/10 real \T1/lmtt/b/n/10 neg_binomial_2_log_glm_lpmf\T1/lmtt/m/n/
10 (int[] y | matrix x, vector alpha,
 []


Overfull \hbox (113.21237pt too wide) has occurred while \output is active
\T1/bch/m/sl/10 13.4.  NEGATIVE-BINOMIAL-2-LOG GENERALISED LINEAR MODEL (NEGATI
VE BINOMIAL REGRESSION) \T1/bch/m/n/10 91
 []

[91] [92]
Underfull \hbox (badness 10000) in paragraph at lines 5505--5511
[]\T1/lmtt/m/n/10 real \T1/lmtt/b/n/10 poisson_log_glm_lpmf\T1/lmtt/m/n/10 (int
[] y | matrix x, real alpha, vector
 []


Underfull \hbox (badness 10000) in paragraph at lines 5514--5521
[]\T1/lmtt/m/n/10 real \T1/lmtt/b/n/10 poisson_log_glm_lpmf\T1/lmtt/m/n/10 (int
[] y | matrix x, vector alpha, vector
 []

[93] [94]
Chapter 14.
[95

] [96

]
Chapter 15.
[97

] [98]
Underfull \hbox (badness 1178) in paragraph at lines 5696--5699
[]\T1/bch/m/n/10 (+20) Increment tar-get log prob-a-bil-ity den-sity with \T1/l
mtt/m/n/10 normal_id_glm_lpdf( y | x,
 []


Underfull \hbox (badness 10000) in paragraph at lines 5715--5723
[]\T1/lmtt/m/n/10 real \T1/lmtt/b/n/10 normal_id_glm_lpdf\T1/lmtt/m/n/10 (vecto
r y | matrix x, vector alpha, vector
 []


Underfull \hbox (badness 10000) in paragraph at lines 5750--5753
[]\T1/lmtt/m/n/10 real \T1/lmtt/b/n/10 exp_mod_normal_lpdf\T1/lmtt/m/n/10 (real
s y | reals mu, reals sigma, reals
 []

[99]
Underfull \hbox (badness 10000) in paragraph at lines 5762--5765
[]\T1/lmtt/m/n/10 real \T1/lmtt/b/n/10 exp_mod_normal_lcdf\T1/lmtt/m/n/10 (real
s y | reals mu, reals sigma, reals
 []


Underfull \hbox (badness 10000) in paragraph at lines 5768--5772
[]\T1/lmtt/m/n/10 real \T1/lmtt/b/n/10 exp_mod_normal_lccdf\T1/lmtt/m/n/10 (rea
ls y | reals mu, reals sigma, reals
 []

[100] [101] [102]
LaTeX Font Info:    Try loading font information for OT1+lmss on input line 596
0.
("C:\Users\Nick\AppData\Local\Programs\MiKTeX 2.9\tex/latex/lm\ot1lmss.fd"
File: ot1lmss.fd 2009/10/30 v1.6 Font defs for Latin Modern
)
Package microtype Info: Loading generic protrusion settings for font family
(microtype)             `lmss' (encoding: OT1).
(microtype)             For optimal results, create family-specific settings.
(microtype)             See the microtype manual for details.
[103] [104] [105]
Chapter 16.
[106

] [107] [108] [109] [110] [111] [112] [113]
Chapter 17.

Overfull \hbox (9.2pt too wide) detected at line 6671
[]\OT1/lmr/m/n/10 (\OML/lmm/m/it/10 y\OMS/lmsy/m/n/10 j\OML/lmm/m/it/10 ; ; 
; \OT1/lmr/m/n/10 ) = [] []  [] [](2\OML/lmm/m/it/10 k \OT1/lmr/m/n/10 + \OML/
lmm/m/it/10 \OT1/lmr/m/n/10 )\OML/lmm/m/it/10   []
 []

[114

]
Underfull \hbox (badness 6808) in paragraph at lines 6688--6692
[]\T1/lmtt/m/n/10 real \T1/lmtt/b/n/10 wiener_lpdf\T1/lmtt/m/n/10 (reals y | re
als alpha, reals tau, reals beta, reals
 []

[115]
Chapter 18.
[116

]
Underfull \hbox (badness 10000) in paragraph at lines 6790--6793
[]\T1/lmtt/m/n/10 real \T1/lmtt/b/n/10 pareto_type_2_lpdf\T1/lmtt/m/n/10 (reals
 y | reals mu, reals lambda, reals
 []


Underfull \hbox (badness 10000) in paragraph at lines 6802--6805
[]\T1/lmtt/m/n/10 real \T1/lmtt/b/n/10 pareto_type_2_lcdf\T1/lmtt/m/n/10 (reals
 y | reals mu, reals lambda, reals
 []


Underfull \hbox (badness 10000) in paragraph at lines 6808--6811
[]\T1/lmtt/m/n/10 real \T1/lmtt/b/n/10 pareto_type_2_lccdf\T1/lmtt/m/n/10 (real
s y | reals mu, reals lambda, reals
 []

[117]
Chapter 19.
[118

] [119]
Chapter 20.
[120

] [121]
Chapter 21.
[122

]
Chapter 22.

Underfull \hbox (badness 1178) in paragraph at lines 7101--7104
[]\T1/bch/m/n/10 (+20) Increment tar-get log prob-a-bil-ity den-sity with \T1/l
mtt/m/n/10 multi_normal_lpdf( y | mu,
 []

[123

] [124]
Underfull \hbox (badness 10000) in paragraph at lines 7212--7215
[]\T1/lmtt/m/n/10 real \T1/lmtt/b/n/10 multi_normal_prec_lpdf\T1/lmtt/m/n/10 (r
ow_vectors y | row_vectors mu, matrix
 []


Underfull \hbox (badness 10000) in paragraph at lines 7266--7270
[]\T1/lmtt/m/n/10 real \T1/lmtt/b/n/10 multi_normal_cholesky_lpdf\T1/lmtt/m/n/1
0 (row_vectors y | row_vectors mu,
 []


Overfull \hbox (14.72441pt too wide) has occurred while \output is active
\T1/bch/m/sl/10 22.3.  MULTIVARIATE NORMAL DISTRIBUTION, CHOLESKY PARAMETERIZAT
ION \T1/bch/m/n/10 125
 []

[125] [126]
Overfull \hbox (66.15372pt too wide) has occurred while \output is active
\T1/bch/m/sl/10 22.5.  MULTIVARIATE GAUSSIAN PROCESS DISTRIBUTION, CHOLESKY PAR
AMETERIZATION \T1/bch/m/n/10 127
 []

[127]
Underfull \hbox (badness 10000) in paragraph at lines 7399--7402
[]\T1/lmtt/m/n/10 real \T1/lmtt/b/n/10 multi_student_t_lpdf\T1/lmtt/m/n/10 (vec
tors y | real nu, vectors mu, matrix
 []


Underfull \hbox (badness 10000) in paragraph at lines 7419--7423
[]\T1/lmtt/m/n/10 real \T1/lmtt/b/n/10 multi_student_t_lpdf\T1/lmtt/m/n/10 (row
_vectors y | real nu, row_vectors mu,
 []

[128]
Underfull \hbox (badness 10000) in paragraph at lines 7486--7492
[]\T1/lmtt/m/n/10 real \T1/lmtt/b/n/10 gaussian_dlm_obs_lpdf\T1/lmtt/m/n/10 (ma
trix y | matrix F, matrix G, matrix V,
 []


Underfull \hbox (badness 10000) in paragraph at lines 7495--7501
[]\T1/lmtt/m/n/10 real \T1/lmtt/b/n/10 gaussian_dlm_obs_lpdf\T1/lmtt/m/n/10 (ma
trix y | matrix F, matrix G, vector V,
 []

[129]
Chapter 23.
[130

]
Overfull \hbox (6.14894pt too wide) in paragraph at lines 7572--7572
[] \T1/lmtt/m/n/10 1) 3e-203 0e+00 2e-298 9e-106 1e+000 0e+00 0e+000 1e-047 0e+
00 4e-279[] 
 []


Overfull \hbox (6.14894pt too wide) in paragraph at lines 7572--7572
[] \T1/lmtt/m/n/10 2) 1e+000 0e+00 5e-279 2e-014 1e-275 0e+00 3e-285 9e-147 0e+
00 0e+000[] 
 []


Overfull \hbox (6.14894pt too wide) in paragraph at lines 7572--7572
[] \T1/lmtt/m/n/10 3) 1e-308 0e+00 1e-213 0e+000 0e+000 8e-75 0e+000 1e+000 4e-
58 7e-112[] 
 []


Overfull \hbox (6.14894pt too wide) in paragraph at lines 7572--7572
[] \T1/lmtt/m/n/10 4) 6e-166 5e-65 3e-068 3e-147 0e+000 1e+00 3e-249 0e+000 0e+
00 0e+000[] 
 []


Overfull \hbox (6.14894pt too wide) in paragraph at lines 7572--7572
[] \T1/lmtt/m/n/10 5) 2e-091 0e+00 0e+000 0e+000 1e-060 0e+00 4e-312 1e+000 0e+
00 0e+000[] 
 []

[131]
Chapter 24.

Underfull \hbox (badness 1515) in paragraph at lines 7657--7659
[]\T1/bch/m/n/10 (+20) if $\OML/lmm/m/it/10 $ \T1/bch/m/n/10 (+20) were an un-
known pa-ram-e-ter, the Jef-freys prior is pro-por-tional
 []

[132

]
Overfull \hbox (105.89865pt too wide) in paragraph at lines 7714--7714
[] \T1/lmtt/m/n/10 parameters {   cholesky_factor_corr[K] L;   # rather than co
rr_matrix[K] Sigma;   // ...[] 
 []

[133] [134]
Chapter 25.
[135

] [136] [137

]
Chapter 26.
[138

] [139]
Underfull \hbox (badness 5175) in paragraph at lines 7911--7913
[][]\T1/bch/m/n/10 (+20) Guennebaud, Gal, Benot Ja-cob, and oth-ers. 2010. ``
Eigen V3.''
 []

[140

] [141] (_main.ind
Underfull \hbox (badness 10000) in paragraph at lines 10--12
[]| \T1/lmtt/m/n/8 (function algebra_system, vector
 []


Underfull \hbox (badness 10000) in paragraph at lines 10--12
\T1/lmtt/m/n/8 y_guess, vector theta, real[]
 []


Underfull \hbox (badness 10000) in paragraph at lines 12--14
[]| \T1/lmtt/m/n/8 (function algebra_system, vector
 []


Underfull \hbox (badness 10000) in paragraph at lines 12--14
\T1/lmtt/m/n/8 y_guess, vector theta, real[]
 []


Underfull \hbox (badness 10000) in paragraph at lines 12--14
\T1/lmtt/m/n/8 x_r, int[] x_i, real rel_tol,
 []


Underfull \hbox (badness 10000) in paragraph at lines 12--14
\T1/lmtt/m/n/8 real f_tol, int max_steps):
 []


Underfull \hbox (badness 10000) in paragraph at lines 21--23
[]| \T1/lmtt/m/n/8 (real x, row_vector y): row_vector\T1/bch/m/n/8 (+20) ,
 []


Underfull \hbox (badness 10000) in paragraph at lines 23--25
[]| \T1/lmtt/m/n/8 (row_vector x, real y): row_vector\T1/bch/m/n/8 (+20) ,
 []


Underfull \hbox (badness 10000) in paragraph at lines 25--27
[]| \T1/lmtt/m/n/8 (row_vector x, row_vector y):
 []


Underfull \hbox (badness 10000) in paragraph at lines 40--42
[]| \T1/lmtt/m/n/8 (row_vector x, row_vector y):
 []


Underfull \hbox (badness 10000) in paragraph at lines 73--75
[]| \T1/lmtt/m/n/8 (int[] y | matrix x, real alpha,
 []


Underfull \hbox (badness 10000) in paragraph at lines 75--77
[]| \T1/lmtt/m/n/8 (int[] y | matrix x, vector alpha,
 []


Underfull \hbox (badness 10000) in paragraph at lines 98--100
[]| \T1/lmtt/m/n/8 (ints n, ints N, reals alpha, reals
 []


Underfull \hbox (badness 10000) in paragraph at lines 101--103
[]| \T1/lmtt/m/n/8 (ints n | ints N, reals alpha, reals
 []


Underfull \hbox (badness 10000) in paragraph at lines 104--106
[]| \T1/lmtt/m/n/8 (ints n | ints N, reals alpha, reals
 []


Underfull \hbox (badness 10000) in paragraph at lines 107--109
[]| \T1/lmtt/m/n/8 (ints n | ints N, reals alpha, reals
 []

[142


]
Underfull \hbox (badness 10000) in paragraph at lines 110--112
[]| \T1/lmtt/m/n/8 (ints N, reals alpha, reals beta):
 []


Underfull \hbox (badness 10000) in paragraph at lines 113--115
[]| \T1/lmtt/m/n/8 (reals theta, reals alpha, reals
 []


Underfull \hbox (badness 10000) in paragraph at lines 116--118
[]| \T1/lmtt/m/n/8 (reals theta | reals alpha, reals
 []


Underfull \hbox (badness 10000) in paragraph at lines 119--121
[]| \T1/lmtt/m/n/8 (reals theta | reals alpha, reals
 []


Underfull \hbox (badness 10000) in paragraph at lines 122--124
[]| \T1/lmtt/m/n/8 (reals theta | reals alpha, reals
 []


Underfull \hbox (badness 10000) in paragraph at lines 127--129
[]| \T1/lmtt/m/n/8 (reals theta | reals mu, reals
 []


Underfull \hbox (badness 10000) in paragraph at lines 130--132
[]| \T1/lmtt/m/n/8 (reals theta | reals mu, reals
 []


Underfull \hbox (badness 10000) in paragraph at lines 133--135
[]| \T1/lmtt/m/n/8 (reals theta | reals mu, reals
 []


Underfull \hbox (badness 10000) in paragraph at lines 145--147
[]| \T1/lmtt/m/n/8 (ints n, ints N, reals theta): real\T1/bch/m/n/8 (+20) ,
 []


Underfull \hbox (badness 10000) in paragraph at lines 148--150
[]| \T1/lmtt/m/n/8 (ints n | ints N, reals theta):
 []


Underfull \hbox (badness 10000) in paragraph at lines 151--153
[]| \T1/lmtt/m/n/8 (ints n | ints N, reals theta):
 []


Underfull \hbox (badness 10000) in paragraph at lines 154--156
[]| \T1/lmtt/m/n/8 (ints n | ints N, reals theta):
 []


Underfull \hbox (badness 10000) in paragraph at lines 164--166
[]| \T1/lmtt/m/n/8 (ints n | ints N, reals alpha):
 []


Underfull \hbox (badness 10000) in paragraph at lines 170--172
[]| \T1/lmtt/m/n/8 (matrix x, int i, int j, int n_rows,
 []


Underfull \hbox (badness 10000) in paragraph at lines 191--193
[]| \T1/lmtt/m/n/8 (reals y, reals mu, reals sigma):
 []


Underfull \hbox (badness 10000) in paragraph at lines 194--196
[]| \T1/lmtt/m/n/8 (reals y | reals mu, reals sigma):
 []


Underfull \hbox (badness 10000) in paragraph at lines 197--199
[]| \T1/lmtt/m/n/8 (reals y | reals mu, reals sigma):
 []


Underfull \hbox (badness 10000) in paragraph at lines 200--202
[]| \T1/lmtt/m/n/8 (reals y | reals mu, reals sigma):
 []

[143]
Underfull \hbox (badness 10000) in paragraph at lines 242--244
[]| \T1/lmtt/m/n/8 (row_vector x, row_vector y):
 []


Underfull \hbox (badness 10000) in paragraph at lines 258--260
[]| \T1/lmtt/m/n/8 (real[] x, real alpha, real rho):
 []


Underfull \hbox (badness 10000) in paragraph at lines 260--262
[]| \T1/lmtt/m/n/8 (real[] x1, real[] x2, real alpha,
 []


Underfull \hbox (badness 10000) in paragraph at lines 262--264
[]| \T1/lmtt/m/n/8 (row_vectors x, real alpha, real
 []


Underfull \hbox (badness 10000) in paragraph at lines 264--266
[]| \T1/lmtt/m/n/8 (row_vectors x1, row_vectors x2,
 []


Underfull \hbox (badness 10000) in paragraph at lines 264--266
\T1/lmtt/m/n/8 real alpha, real rho): matrix\T1/bch/m/n/8 (+20) ,
 []


Underfull \hbox (badness 10000) in paragraph at lines 266--268
[]| \T1/lmtt/m/n/8 (vectors x, real alpha, real rho):
 []


Underfull \hbox (badness 10000) in paragraph at lines 268--270
[]| \T1/lmtt/m/n/8 (vectors x1, vectors x2, real alpha,
 []


Underfull \hbox (badness 10000) in paragraph at lines 281--283
[]| \T1/lmtt/m/n/8 (int m, int n, vector w, int[] v,
 []


Underfull \hbox (badness 10000) in paragraph at lines 284--286
[]| \T1/lmtt/m/n/8 (int m, int n, vector w, int[] v,
 []


Underfull \hbox (badness 10000) in paragraph at lines 299--301
[]| \T1/lmtt/m/n/8 (matrix m, row_vector rv): matrix\T1/bch/m/n/8 (+20) ,
 []


Underfull \hbox (badness 10000) in paragraph at lines 304--306
[]| \T1/lmtt/m/n/8 (row_vector rv, matrix m): matrix\T1/bch/m/n/8 (+20) ,
 []


Underfull \hbox (badness 10000) in paragraph at lines 321--323
[]| \T1/lmtt/m/n/8 (row_vector x, row_vector y): real\T1/bch/m/n/8 (+20) ,
 []


Underfull \hbox (badness 10000) in paragraph at lines 330--332
[]| \T1/lmtt/m/n/8 (row_vector x, row_vector y): real\T1/bch/m/n/8 (+20) ,
 []

[144]
Underfull \hbox (badness 10000) in paragraph at lines 345--347
[]| \T1/lmtt/m/n/8 (reals y, reals mu, reals sigma):
 []


Underfull \hbox (badness 10000) in paragraph at lines 348--350
[]| \T1/lmtt/m/n/8 (reals y | reals mu, reals sigma):
 []


Underfull \hbox (badness 10000) in paragraph at lines 351--353
[]| \T1/lmtt/m/n/8 (reals y | reals mu, reals sigma):
 []


Underfull \hbox (badness 10000) in paragraph at lines 354--356
[]| \T1/lmtt/m/n/8 (reals y | reals mu, reals sigma):
 []


Underfull \hbox (badness 10000) in paragraph at lines 378--380
[]| \T1/lmtt/m/n/8 (reals y, reals mu, reals sigma,
 []


Underfull \hbox (badness 10000) in paragraph at lines 381--383
[]| \T1/lmtt/m/n/8 (reals y | reals mu, reals sigma,
 []


Underfull \hbox (badness 10000) in paragraph at lines 384--386
[]| \T1/lmtt/m/n/8 (reals mu, reals sigma, reals
 []


Underfull \hbox (badness 10000) in paragraph at lines 429--431
[]| \T1/lmtt/m/n/8 (reals y, reals alpha, reals sigma):
 []


Underfull \hbox (badness 10000) in paragraph at lines 432--434
[]| \T1/lmtt/m/n/8 (reals y | reals alpha, reals
 []


Underfull \hbox (badness 10000) in paragraph at lines 435--437
[]| \T1/lmtt/m/n/8 (reals y | reals alpha, reals
 []


Underfull \hbox (badness 10000) in paragraph at lines 438--440
[]| \T1/lmtt/m/n/8 (reals y | reals alpha, reals
 []


Underfull \hbox (badness 10000) in paragraph at lines 446--448
[]| \T1/lmtt/m/n/8 (reals y, reals alpha, reals beta):
 []


Underfull \hbox (badness 10000) in paragraph at lines 449--451
[]| \T1/lmtt/m/n/8 (reals y | reals alpha, reals beta):
 []


Underfull \hbox (badness 10000) in paragraph at lines 452--454
[]| \T1/lmtt/m/n/8 (reals y | reals alpha, reals beta):
 []


Underfull \hbox (badness 10000) in paragraph at lines 455--457
[]| \T1/lmtt/m/n/8 (reals y | reals alpha, reals beta):
 []

[145]
Underfull \hbox (badness 10000) in paragraph at lines 469--471
[]| \T1/lmtt/m/n/8 (matrix y | matrix F, matrix G,
 []


Underfull \hbox (badness 10000) in paragraph at lines 469--471
\T1/lmtt/m/n/8 matrix V, matrix W, vector m0,
 []


Underfull \hbox (badness 10000) in paragraph at lines 471--473
[]| \T1/lmtt/m/n/8 (matrix y | matrix F, matrix G,
 []


Underfull \hbox (badness 10000) in paragraph at lines 471--473
\T1/lmtt/m/n/8 vector V, matrix W, vector m0,
 []


Underfull \hbox (badness 10000) in paragraph at lines 478--480
[]| \T1/lmtt/m/n/8 (reals y, reals mu, reals beta):
 []


Underfull \hbox (badness 10000) in paragraph at lines 481--483
[]| \T1/lmtt/m/n/8 (reals y | reals mu, reals beta):
 []


Underfull \hbox (badness 10000) in paragraph at lines 484--486
[]| \T1/lmtt/m/n/8 (reals y | reals mu, reals beta):
 []


Underfull \hbox (badness 10000) in paragraph at lines 487--489
[]| \T1/lmtt/m/n/8 (reals y | reals mu, reals beta):
 []


Underfull \hbox (badness 10000) in paragraph at lines 495--497
[]| \T1/lmtt/m/n/8 (row_vector rv, int n): row_vector\T1/bch/m/n/8 (+20) ,
 []


Underfull \hbox (badness 10000) in paragraph at lines 508--510
[]| \T1/lmtt/m/n/8 (real alpha, real beta, real x):
 []


Underfull \hbox (badness 10000) in paragraph at lines 514--516
[]| \T1/lmtt/m/n/8 (function integrand, real a, real b,
 []


Underfull \hbox (badness 10000) in paragraph at lines 514--516
\T1/lmtt/m/n/8 real[] theta, real[] x_r, int[]
 []


Underfull \hbox (badness 10000) in paragraph at lines 516--518
[]| \T1/lmtt/m/n/8 (function integrand, real a, real b,
 []


Underfull \hbox (badness 10000) in paragraph at lines 516--518
\T1/lmtt/m/n/8 real[] theta, real[] x_r, int[]
 []


Underfull \hbox (badness 10000) in paragraph at lines 516--518
\T1/lmtt/m/n/8 x_i, real relative_tolerance):
 []


Underfull \hbox (badness 10000) in paragraph at lines 519--521
[]| \T1/lmtt/m/n/8 (function ode, real[] initial_state,
 []


Underfull \hbox (badness 10000) in paragraph at lines 519--521
\T1/lmtt/m/n/8 real initial_time, real[]
 []


Underfull \hbox (badness 10000) in paragraph at lines 519--521
\T1/lmtt/m/n/8 times, real[] theta, real[]
 []


Underfull \hbox (badness 10000) in paragraph at lines 522--524
[]| \T1/lmtt/m/n/8 (function ode, real[] initial_state,
 []


Underfull \hbox (badness 10000) in paragraph at lines 522--524
\T1/lmtt/m/n/8 real initial_time, real[]
 []


Underfull \hbox (badness 10000) in paragraph at lines 522--524
\T1/lmtt/m/n/8 times, real[] theta, data
 []


Underfull \hbox (badness 10000) in paragraph at lines 522--524
\T1/lmtt/m/n/8 real[] x_r, data int[] x_i):
 []


Underfull \hbox (badness 10000) in paragraph at lines 524--526
[]| \T1/lmtt/m/n/8 (function ode, real[] initial_state,
 []


Underfull \hbox (badness 10000) in paragraph at lines 524--526
\T1/lmtt/m/n/8 real initial_time, real[]
 []


Underfull \hbox (badness 10000) in paragraph at lines 524--526
\T1/lmtt/m/n/8 times, real[] theta, data
 []


Underfull \hbox (badness 10000) in paragraph at lines 524--526
\T1/lmtt/m/n/8 real[] x_r, data int[]
 []


Underfull \hbox (badness 10000) in paragraph at lines 524--526
\T1/lmtt/m/n/8 x_i, data real rel_tol,
 []


Underfull \hbox (badness 10000) in paragraph at lines 524--526
\T1/lmtt/m/n/8 data real abs_tol, dta int
 []


Underfull \hbox (badness 10000) in paragraph at lines 527--529
[]| \T1/lmtt/m/n/8 (function ode, real[] initial_state,
 []


Underfull \hbox (badness 10000) in paragraph at lines 527--529
\T1/lmtt/m/n/8 real initial_time, real[]
 []


Underfull \hbox (badness 10000) in paragraph at lines 527--529
\T1/lmtt/m/n/8 times, real[] theta, real[]
 []


Underfull \hbox (badness 10000) in paragraph at lines 529--531
[]| \T1/lmtt/m/n/8 (function ode, real[] initial_state,
 []


Underfull \hbox (badness 10000) in paragraph at lines 529--531
\T1/lmtt/m/n/8 real initial_time, real[]
 []


Underfull \hbox (badness 10000) in paragraph at lines 529--531
\T1/lmtt/m/n/8 times, real[] theta,
 []


Underfull \hbox (badness 10000) in paragraph at lines 529--531
\T1/lmtt/m/n/8 real[] x_r, int[] x_i, real
 []


Underfull \hbox (badness 10000) in paragraph at lines 529--531
\T1/lmtt/m/n/8 rel_tol, real abs_tol, int
 []

[146]
Underfull \hbox (badness 10000) in paragraph at lines 554--556
[]| \T1/lmtt/m/n/8 (reals y, reals alpha, reals beta):
 []


Underfull \hbox (badness 10000) in paragraph at lines 557--559
[]| \T1/lmtt/m/n/8 (reals y | reals alpha, reals beta):
 []


Underfull \hbox (badness 10000) in paragraph at lines 560--562
[]| \T1/lmtt/m/n/8 (reals y | reals alpha, reals beta):
 []


Underfull \hbox (badness 10000) in paragraph at lines 563--565
[]| \T1/lmtt/m/n/8 (reals y | reals alpha, reals beta):
 []


Underfull \hbox (badness 10000) in paragraph at lines 579--581
[]| \T1/lmtt/m/n/8 (matrix W | real nu, matrix Sigma):
 []


Underfull \hbox (badness 10000) in paragraph at lines 653--655
[]| \T1/lmtt/m/n/8 (real theta, real lp1, real lp2):
 []

[147]
Underfull \hbox (badness 10000) in paragraph at lines 672--674
[]| \T1/lmtt/m/n/8 (reals y, reals mu, reals sigma):
 []


Underfull \hbox (badness 10000) in paragraph at lines 675--677
[]| \T1/lmtt/m/n/8 (reals y | reals mu, reals sigma):
 []


Underfull \hbox (badness 10000) in paragraph at lines 678--680
[]| \T1/lmtt/m/n/8 (reals y | reals mu, reals sigma):
 []


Underfull \hbox (badness 10000) in paragraph at lines 681--683
[]| \T1/lmtt/m/n/8 (reals y | reals mu, reals sigma):
 []


Underfull \hbox (badness 10000) in paragraph at lines 691--693
[]| \T1/lmtt/m/n/8 (reals y, reals mu, reals sigma):
 []


Underfull \hbox (badness 10000) in paragraph at lines 694--696
[]| \T1/lmtt/m/n/8 (reals y | reals mu, reals sigma):
 []


Underfull \hbox (badness 10000) in paragraph at lines 697--699
[]| \T1/lmtt/m/n/8 (reals y | reals mu, reals sigma):
 []


Underfull \hbox (badness 10000) in paragraph at lines 700--702
[]| \T1/lmtt/m/n/8 (reals y | reals mu, reals sigma):
 []


Underfull \hbox (badness 10000) in paragraph at lines 708--710
[]| \T1/lmtt/m/n/8 (F f, vector phi, vector[] theta,
 []


Underfull \hbox (badness 10000) in paragraph at lines 708--710
\T1/lmtt/m/n/8 data real[,] x_r, data int[,]
 []


Underfull \hbox (badness 10000) in paragraph at lines 738--740
[]| \T1/lmtt/m/n/8 (row_vector b, matrix A): row_vector\T1/bch/m/n/8 (+20) ,
 []


Underfull \hbox (badness 10000) in paragraph at lines 743--745
[]| \T1/lmtt/m/n/8 (row_vector b, matrix A): row_vector\T1/bch/m/n/8 (+20) ,
 []


Underfull \hbox (badness 10000) in paragraph at lines 771--773
[]| \T1/lmtt/m/n/8 (matrix y | matrix L, vector w):
 []


Underfull \hbox (badness 10000) in paragraph at lines 774--776
[]| \T1/lmtt/m/n/8 (matrix y | matrix Sigma, vector w):
 []

[148]
Underfull \hbox (badness 10000) in paragraph at lines 781--783
[]| \T1/lmtt/m/n/8 (row_vectors y | row_vectors mu,
 []


Underfull \hbox (badness 10000) in paragraph at lines 783--785
[]| \T1/lmtt/m/n/8 (row_vectors y | vectors mu, matrix
 []


Underfull \hbox (badness 10000) in paragraph at lines 785--787
[]| \T1/lmtt/m/n/8 (vectors y | row_vectors mu, matrix
 []


Underfull \hbox (badness 10000) in paragraph at lines 787--789
[]| \T1/lmtt/m/n/8 (vectors y | vectors mu, matrix L):
 []


Underfull \hbox (badness 10000) in paragraph at lines 790--792
[]| \T1/lmtt/m/n/8 (row_vector mu, matrix L): vector\T1/bch/m/n/8 (+20) ,
 []


Underfull \hbox (badness 10000) in paragraph at lines 792--794
[]| \T1/lmtt/m/n/8 (row_vectors mu, matrix L): vectors\T1/bch/m/n/8 (+20) ,
 []


Underfull \hbox (badness 10000) in paragraph at lines 799--801
[]| \T1/lmtt/m/n/8 (row_vectors y | row_vectors mu,
 []


Underfull \hbox (badness 10000) in paragraph at lines 801--803
[]| \T1/lmtt/m/n/8 (row_vectors y | vectors mu, matrix
 []


Underfull \hbox (badness 10000) in paragraph at lines 803--805
[]| \T1/lmtt/m/n/8 (vectors y | row_vectors mu, matrix
 []


Underfull \hbox (badness 10000) in paragraph at lines 805--807
[]| \T1/lmtt/m/n/8 (vectors y | vectors mu, matrix
 []


Underfull \hbox (badness 10000) in paragraph at lines 810--812
[]| \T1/lmtt/m/n/8 (row_vectors y | row_vectors mu,
 []


Underfull \hbox (badness 10000) in paragraph at lines 812--814
[]| \T1/lmtt/m/n/8 (row_vectors y | vectors mu, matrix
 []


Underfull \hbox (badness 10000) in paragraph at lines 814--816
[]| \T1/lmtt/m/n/8 (vectors y | row_vectors mu, matrix
 []


Underfull \hbox (badness 10000) in paragraph at lines 816--818
[]| \T1/lmtt/m/n/8 (vectors y | vectors mu, matrix
 []


Underfull \hbox (badness 10000) in paragraph at lines 819--821
[]| \T1/lmtt/m/n/8 (row_vector mu, matrix Sigma):
 []


Underfull \hbox (badness 10000) in paragraph at lines 821--823
[]| \T1/lmtt/m/n/8 (row_vectors mu, matrix Sigma):
 []


Underfull \hbox (badness 10000) in paragraph at lines 823--825
[]| \T1/lmtt/m/n/8 (vector mu, matrix Sigma): vector\T1/bch/m/n/8 (+20) ,
 []


Underfull \hbox (badness 10000) in paragraph at lines 825--827
[]| \T1/lmtt/m/n/8 (vectors mu, matrix Sigma): vectors\T1/bch/m/n/8 (+20) ,
 []


Underfull \hbox (badness 10000) in paragraph at lines 830--832
[]| \T1/lmtt/m/n/8 (row_vectors y | real nu,
 []


Underfull \hbox (badness 10000) in paragraph at lines 830--832
\T1/lmtt/m/n/8 row_vectors mu, matrix Sigma):
 []


Underfull \hbox (badness 10000) in paragraph at lines 832--834
[]| \T1/lmtt/m/n/8 (row_vectors y | real nu, vectors
 []


Underfull \hbox (badness 10000) in paragraph at lines 834--836
[]| \T1/lmtt/m/n/8 (vectors y | real nu, row_vectors
 []


Underfull \hbox (badness 10000) in paragraph at lines 836--838
[]| \T1/lmtt/m/n/8 (vectors y | real nu, vectors mu,
 []


Underfull \hbox (badness 10000) in paragraph at lines 839--841
[]| \T1/lmtt/m/n/8 (real nu, row_vector mu, matrix
 []


Underfull \hbox (badness 10000) in paragraph at lines 841--843
[]| \T1/lmtt/m/n/8 (real nu, row_vectors mu, matrix
 []


Underfull \hbox (badness 10000) in paragraph at lines 843--845
[]| \T1/lmtt/m/n/8 (real nu, vector mu, matrix Sigma):
 []


Underfull \hbox (badness 10000) in paragraph at lines 845--847
[]| \T1/lmtt/m/n/8 (real nu, vectors mu, matrix Sigma):
 []


Underfull \hbox (badness 10000) in paragraph at lines 866--868
[]| \T1/lmtt/m/n/8 (ints n, reals mu, reals phi): real\T1/bch/m/n/8 (+20) ,
 []


Underfull \hbox (badness 10000) in paragraph at lines 869--871
[]| \T1/lmtt/m/n/8 (ints n | reals mu, reals phi):
 []


Underfull \hbox (badness 10000) in paragraph at lines 872--874
[]| \T1/lmtt/m/n/8 (ints n | reals mu, reals phi):
 []

[149]
Underfull \hbox (badness 10000) in paragraph at lines 879--881
[]| \T1/lmtt/m/n/8 (int[] y | matrix x, real alpha,
 []


Underfull \hbox (badness 10000) in paragraph at lines 879--881
\T1/lmtt/m/n/8 vector beta, real phi): real\T1/bch/m/n/8 (+20) ,
 []


Underfull \hbox (badness 10000) in paragraph at lines 881--883
[]| \T1/lmtt/m/n/8 (int[] y | matrix x, vector alpha,
 []


Underfull \hbox (badness 10000) in paragraph at lines 881--883
\T1/lmtt/m/n/8 vector beta, real phi): real\T1/bch/m/n/8 (+20) ,
 []


Underfull \hbox (badness 10000) in paragraph at lines 884--886
[]| \T1/lmtt/m/n/8 (ints y | reals eta, reals phi):
 []


Underfull \hbox (badness 10000) in paragraph at lines 890--892
[]| \T1/lmtt/m/n/8 (ints y | reals mu, reals phi):
 []


Underfull \hbox (badness 10000) in paragraph at lines 896--898
[]| \T1/lmtt/m/n/8 (ints n, reals alpha, reals beta):
 []


Underfull \hbox (badness 10000) in paragraph at lines 899--901
[]| \T1/lmtt/m/n/8 (ints n | reals alpha, reals beta):
 []


Underfull \hbox (badness 10000) in paragraph at lines 902--904
[]| \T1/lmtt/m/n/8 (ints n | reals alpha, reals beta):
 []


Underfull \hbox (badness 10000) in paragraph at lines 905--907
[]| \T1/lmtt/m/n/8 (ints n | reals alpha, reals beta):
 []


Underfull \hbox (badness 10000) in paragraph at lines 915--917
[]| \T1/lmtt/m/n/8 (reals y, reals mu, reals sigma):
 []


Underfull \hbox (badness 10000) in paragraph at lines 920--922
[]| \T1/lmtt/m/n/8 (vector y | matrix x, real alpha,
 []


Underfull \hbox (badness 10000) in paragraph at lines 920--922
\T1/lmtt/m/n/8 vector beta, real sigma): real\T1/bch/m/n/8 (+20) ,
 []


Underfull \hbox (badness 10000) in paragraph at lines 922--924
[]| \T1/lmtt/m/n/8 (vector y | matrix x, vector alpha,
 []


Underfull \hbox (badness 10000) in paragraph at lines 922--924
\T1/lmtt/m/n/8 vector beta, real sigma): real\T1/bch/m/n/8 (+20) ,
 []


Underfull \hbox (badness 10000) in paragraph at lines 925--927
[]| \T1/lmtt/m/n/8 (reals y | reals mu, reals sigma):
 []


Underfull \hbox (badness 10000) in paragraph at lines 928--930
[]| \T1/lmtt/m/n/8 (reals y | reals mu, reals sigma):
 []


Underfull \hbox (badness 10000) in paragraph at lines 931--933
[]| \T1/lmtt/m/n/8 (reals y | reals mu, reals sigma):
 []


Underfull \hbox (badness 10000) in paragraph at lines 957--959
[]| \T1/lmtt/m/n/8 (real x, row_vector y): row_vector\T1/bch/m/n/8 (+20) ,
 []


Underfull \hbox (badness 10000) in paragraph at lines 961--963
[]| \T1/lmtt/m/n/8 (row_vector x, real y): row_vector\T1/bch/m/n/8 (+20) ,
 []


Underfull \hbox (badness 10000) in paragraph at lines 963--965
[]| \T1/lmtt/m/n/8 (row_vector x, row_vector y):
 []


Underfull \hbox (badness 10000) in paragraph at lines 980--982
[]| \T1/lmtt/m/n/8 (row_vector x, row_vector y): void\T1/bch/m/n/8 (+20) ,
 []

[150]
Underfull \hbox (badness 10000) in paragraph at lines 1004--1006
[]| \T1/lmtt/m/n/8 (row_vector x, row_vector y): void\T1/bch/m/n/8 (+20) ,
 []


Underfull \hbox (badness 10000) in paragraph at lines 1013--1015
[]| \T1/lmtt/m/n/8 (row_vector x, row_vector y): void\T1/bch/m/n/8 (+20) ,
 []


Underfull \hbox (badness 10000) in paragraph at lines 1043--1045
[]| \T1/lmtt/m/n/8 (row_vector x, row_vector y): void\T1/bch/m/n/8 (+20) ,
 []


Underfull \hbox (badness 10000) in paragraph at lines 1058--1060
[]| \T1/lmtt/m/n/8 (row_vector b, matrix A): row_vector\T1/bch/m/n/8 (+20) ,
 []


Underfull \hbox (badness 10000) in paragraph at lines 1060--1062
[]| \T1/lmtt/m/n/8 (row_vector x, real y): row_vector\T1/bch/m/n/8 (+20) ,
 []


Underfull \hbox (badness 10000) in paragraph at lines 1071--1073
[]| \T1/lmtt/m/n/8 (real x, row_vector y): row_vector\T1/bch/m/n/8 (+20) ,
 []


Underfull \hbox (badness 10000) in paragraph at lines 1075--1077
[]| \T1/lmtt/m/n/8 (row_vector x, real y): row_vector\T1/bch/m/n/8 (+20) ,
 []


Underfull \hbox (badness 10000) in paragraph at lines 1077--1079
[]| \T1/lmtt/m/n/8 (row_vector x, row_vector y):
 []


Underfull \hbox (badness 10000) in paragraph at lines 1086--1088
[]| \T1/lmtt/m/n/8 (row_vector x, row_vector y):
 []


Underfull \hbox (badness 10000) in paragraph at lines 1151--1153
[]| \T1/lmtt/m/n/8 (real x, row_vector y): row_vector\T1/bch/m/n/8 (+20) ,
 []

[151]
Underfull \hbox (badness 10000) in paragraph at lines 1155--1157
[]| \T1/lmtt/m/n/8 (row_vector x, matrix y):
 []


Underfull \hbox (badness 10000) in paragraph at lines 1157--1159
[]| \T1/lmtt/m/n/8 (row_vector x, real y): row_vector\T1/bch/m/n/8 (+20) ,
 []


Underfull \hbox (badness 10000) in paragraph at lines 1186--1188
[]| \T1/lmtt/m/n/8 (real x, row_vector y): row_vector\T1/bch/m/n/8 (+20) ,
 []


Underfull \hbox (badness 10000) in paragraph at lines 1192--1194
[]| \T1/lmtt/m/n/8 (row_vector x, real y): row_vector\T1/bch/m/n/8 (+20) ,
 []


Underfull \hbox (badness 10000) in paragraph at lines 1194--1196
[]| \T1/lmtt/m/n/8 (row_vector x, row_vector y):
 []


Underfull \hbox (badness 10000) in paragraph at lines 1212--1214
[]| \T1/lmtt/m/n/8 (ints k | vector eta, vectors c):
 []


Underfull \hbox (badness 10000) in paragraph at lines 1220--1222
[]| \T1/lmtt/m/n/8 (ints k | vector eta, vectors c):
 []


Underfull \hbox (badness 10000) in paragraph at lines 1231--1233
[]| \T1/lmtt/m/n/8 (reals y, reals y_min, reals alpha):
 []


Underfull \hbox (badness 10000) in paragraph at lines 1234--1236
[]| \T1/lmtt/m/n/8 (reals y | reals y_min, reals
 []


Underfull \hbox (badness 10000) in paragraph at lines 1237--1239
[]| \T1/lmtt/m/n/8 (reals y | reals y_min, reals
 []


Underfull \hbox (badness 10000) in paragraph at lines 1240--1242
[]| \T1/lmtt/m/n/8 (reals y | reals y_min, reals
 []


Underfull \hbox (badness 10000) in paragraph at lines 1248--1250
[]| \T1/lmtt/m/n/8 (reals y, reals mu, reals lambda,
 []


Underfull \hbox (badness 10000) in paragraph at lines 1251--1253
[]| \T1/lmtt/m/n/8 (reals y | reals mu, reals lambda,
 []


Underfull \hbox (badness 10000) in paragraph at lines 1254--1256
[]| \T1/lmtt/m/n/8 (reals y | reals mu, reals lambda,
 []


Underfull \hbox (badness 10000) in paragraph at lines 1257--1259
[]| \T1/lmtt/m/n/8 (reals y | reals mu, reals lambda,
 []


Underfull \hbox (badness 10000) in paragraph at lines 1260--1262
[]| \T1/lmtt/m/n/8 (reals mu, reals lambda, reals
 []

[152]
Underfull \hbox (badness 10000) in paragraph at lines 1284--1286
[]| \T1/lmtt/m/n/8 (int[] y | matrix x, real alpha,
 []


Underfull \hbox (badness 10000) in paragraph at lines 1286--1288
[]| \T1/lmtt/m/n/8 (int[] y | matrix x, vector alpha,
 []


Underfull \hbox (badness 10000) in paragraph at lines 1328--1330
[]| \T1/lmtt/m/n/8 (matrix m, row_vector rv): matrix\T1/bch/m/n/8 (+20) ,
 []


Underfull \hbox (badness 10000) in paragraph at lines 1400--1402
[]| \T1/lmtt/m/n/8 (row_vector x, row_vector y):
 []


Underfull \hbox (badness 10000) in paragraph at lines 1412--1414
[]| \T1/lmtt/m/n/8 (real t, matrix A, matrix B): matrix\T1/bch/m/n/8 (+20) ,
 []

[153]
Underfull \hbox (badness 10000) in paragraph at lines 1417--1419
[]| \T1/lmtt/m/n/8 (reals y, reals nu, reals sigma):
 []


Underfull \hbox (badness 10000) in paragraph at lines 1420--1422
[]| \T1/lmtt/m/n/8 (reals y | reals nu, reals sigma):
 []


Underfull \hbox (badness 10000) in paragraph at lines 1423--1425
[]| \T1/lmtt/m/n/8 (reals y | reals nu, reals sigma):
 []


Underfull \hbox (badness 10000) in paragraph at lines 1426--1428
[]| \T1/lmtt/m/n/8 (reals y | reals nu, reals sigma):
 []


Underfull \hbox (badness 10000) in paragraph at lines 1440--1442
[]| \T1/lmtt/m/n/8 (row_vector rv, int i, int n):
 []


Underfull \hbox (badness 10000) in paragraph at lines 1456--1458
[]| \T1/lmtt/m/n/8 (reals y, reals xi, reals omega,
 []


Underfull \hbox (badness 10000) in paragraph at lines 1459--1461
[]| \T1/lmtt/m/n/8 (reals y | reals xi, reals omega,
 []


Underfull \hbox (badness 10000) in paragraph at lines 1462--1464
[]| \T1/lmtt/m/n/8 (reals y | reals xi, reals omega,
 []


Underfull \hbox (badness 10000) in paragraph at lines 1465--1467
[]| \T1/lmtt/m/n/8 (reals y | reals xi, reals omega,
 []


Underfull \hbox (badness 10000) in paragraph at lines 1468--1470
[]| \T1/lmtt/m/n/8 (reals xi, reals omega, real alpha):
 []


Underfull \hbox (badness 10000) in paragraph at lines 1508--1510
[]| \T1/lmtt/m/n/8 (row_vector x, row_vector[] y):
 []


Underfull \hbox (badness 10000) in paragraph at lines 1510--1512
[]| \T1/lmtt/m/n/8 (row_vector x, vector [] y): real\T1/bch/m/n/8 (+20) ,
 []


Underfull \hbox (badness 10000) in paragraph at lines 1512--1514
[]| \T1/lmtt/m/n/8 (vector x, row_vector [] y): real\T1/bch/m/n/8 (+20) ,
 []


Underfull \hbox (badness 10000) in paragraph at lines 1525--1527
[]| \T1/lmtt/m/n/8 (reals y, reals nu, reals mu, reals
 []

[154]
Underfull \hbox (badness 10000) in paragraph at lines 1528--1530
[]| \T1/lmtt/m/n/8 (reals y | reals nu, reals mu, reals
 []


Underfull \hbox (badness 10000) in paragraph at lines 1531--1533
[]| \T1/lmtt/m/n/8 (reals y | reals nu, reals mu, reals
 []


Underfull \hbox (badness 10000) in paragraph at lines 1534--1536
[]| \T1/lmtt/m/n/8 (reals y | reals nu, reals mu, reals
 []


Underfull \hbox (badness 10000) in paragraph at lines 1537--1539
[]| \T1/lmtt/m/n/8 (reals nu, reals mu, reals sigma):
 []


Underfull \hbox (badness 10000) in paragraph at lines 1540--1542
[]| \T1/lmtt/m/n/8 (matrix x, int i, int j, int
 []


Underfull \hbox (badness 10000) in paragraph at lines 1543--1545
[]| \T1/lmtt/m/n/8 (matrix x, int i, int j, int
 []


Underfull \hbox (badness 10000) in paragraph at lines 1555--1557
[]| \T1/lmtt/m/n/8 (row_vector rv, int n): row_vector\T1/bch/m/n/8 (+20) ,
 []


Underfull \hbox (badness 10000) in paragraph at lines 1589--1591
[]| \T1/lmtt/m/n/8 (int[] a, int m, int n, int
 []


Underfull \hbox (badness 10000) in paragraph at lines 1595--1597
[]| \T1/lmtt/m/n/8 (matrix m, int m, int n, int
 []


Underfull \hbox (badness 10000) in paragraph at lines 1601--1603
[]| \T1/lmtt/m/n/8 (real[] a, int m, int n, int
 []


Underfull \hbox (badness 10000) in paragraph at lines 1605--1607
[]| \T1/lmtt/m/n/8 (row_vector v, int m, int n):
 []


Underfull \hbox (badness 10000) in paragraph at lines 1607--1609
[]| \T1/lmtt/m/n/8 (row_vector v, int m, int n, int
 []


Underfull \hbox (badness 10000) in paragraph at lines 1613--1615
[]| \T1/lmtt/m/n/8 (vector v, int m, int n, int
 []


Underfull \hbox (badness 10000) in paragraph at lines 1639--1641
[]| \T1/lmtt/m/n/8 (matrix D,matrix A, matrix B): real\T1/bch/m/n/8 (+20) ,
 []


Underfull \hbox (badness 10000) in paragraph at lines 1651--1653
[]| \T1/lmtt/m/n/8 (reals y, reals alpha, reals beta):
 []

[155]
Underfull \hbox (badness 10000) in paragraph at lines 1654--1656
[]| \T1/lmtt/m/n/8 (reals y | reals alpha, reals beta):
 []


Underfull \hbox (badness 10000) in paragraph at lines 1657--1659
[]| \T1/lmtt/m/n/8 (reals y | reals alpha, reals beta):
 []


Underfull \hbox (badness 10000) in paragraph at lines 1660--1662
[]| \T1/lmtt/m/n/8 (reals y | reals alpha, reals beta):
 []


Underfull \hbox (badness 10000) in paragraph at lines 1674--1676
[]| \T1/lmtt/m/n/8 (reals y | reals mu, reals kappa):
 []


Underfull \hbox (badness 10000) in paragraph at lines 1682--1684
[]| \T1/lmtt/m/n/8 (reals y, reals alpha, reals sigma):
 []


Underfull \hbox (badness 10000) in paragraph at lines 1685--1687
[]| \T1/lmtt/m/n/8 (reals y | reals alpha, reals
 []


Underfull \hbox (badness 10000) in paragraph at lines 1688--1690
[]| \T1/lmtt/m/n/8 (reals y | reals alpha, reals
 []


Underfull \hbox (badness 10000) in paragraph at lines 1691--1693
[]| \T1/lmtt/m/n/8 (reals y | reals alpha, reals
 []


Underfull \hbox (badness 10000) in paragraph at lines 1699--1701
[]| \T1/lmtt/m/n/8 (reals y | reals alpha, reals tau,
 []


Underfull \hbox (badness 10000) in paragraph at lines 1699--1701
\T1/lmtt/m/n/8 reals beta, reals delta): real\T1/bch/m/n/8 (+20) ,
 []


Underfull \hbox (badness 10000) in paragraph at lines 1704--1706
[]| \T1/lmtt/m/n/8 (matrix W | real nu, matrix Sigma):
 []

[156])
Package atveryend Info: Empty hook `BeforeClearDocument' on input line 7951.
Package atveryend Info: Empty hook `AfterLastShipout' on input line 7951.
(_main.aux)
Package atveryend Info: Executing hook `AtVeryEndDocument' on input line 7951.
Package atveryend Info: Executing hook `AtEndAfterFileList' on input line 7951.

Package rerunfilecheck Info: File `_main.out' has not changed.
(rerunfilecheck)             Checksum: FC517719CF1521DA3A7261978C7B6E3E;30019.
Package atveryend Info: Empty hook `AtVeryVeryEnd' on input line 7951.
 ) 
Here is how much of TeX's memory you used:
 15139 strings out of 492895
 227527 string characters out of 3124202
 332575 words of memory out of 3000000
 17574 multiletter control sequences out of 15000+200000
 104494 words of font info for 223 fonts, out of 3000000 for 9000
 1141 hyphenation exceptions out of 8191
 32i,16n,43p,1196b,457s stack positions out of 5000i,500n,10000p,200000b,50000s
pdfTeX warning (dest): name{functions-ode-function} has been referenced but d
oes not exist, replaced by a fixed one

{C:/Users/Nick/AppData/Local/Programs/MiKTeX 2.9/fonts/enc/dvips/lm/lm-rm.enc}{
C:/Users/Nick/AppData/Local/Programs/MiKTeX 2.9/fonts/enc/dvips/lm/lm-mathit.en
c}{C:/Users/Nick/AppData/Local/Programs/MiKTeX 2.9/fonts/enc/dvips/lm/lm-ec.enc
}{C:/Users/Nick/AppData/Local/Programs/MiKTeX 2.9/fonts/enc/dvips/lm/lm-ts1.enc
}{C:/Users/Nick/AppData/Local/Programs/MiKTeX 2.9/fonts/enc/dvips/lm/lm-mathsy.
enc}{C:/Users/Nick/AppData/Local/Programs/MiKTeX 2.9/fonts/enc/dvips/base/8r.en
c}{C:/Users/Nick/AppData/Local/Programs/MiKTeX 2.9/fonts/enc/dvips/lm/lm-mathex
.enc}<C:/Users/Nick/AppData/Local/Programs/MiKTeX 2.9/fonts/type1/bitstrea/char
ter/bchb8a.pfb><C:/Users/Nick/AppData/Local/Programs/MiKTeX 2.9/fonts/type1/bit
strea/charter/bchbi8a.pfb><C:/Users/Nick/AppData/Local/Programs/MiKTeX 2.9/font
s/type1/bitstrea/charter/bchr8a.pfb><C:/Users/Nick/AppData/Local/Programs/MiKTe
X 2.9/fonts/type1/bitstrea/charter/bchr8a.pfb><C:/Users/Nick/AppData/Local/Prog
rams/MiKTeX 2.9/fonts/type1/bitstrea/charter/bchri8a.pfb><C:/Users/Nick/AppData
/Local/Programs/MiKTeX 2.9/fonts/type1/public/lm/lmex10.pfb><C:/Users/Nick/AppD
ata/Local/Programs/MiKTeX 2.9/fonts/type1/public/lm/lmmi10.pfb><C:/Users/Nick/A
ppData/Local/Programs/MiKTeX 2.9/fonts/type1/public/lm/lmmi5.pfb><C:/Users/Nick
/AppData/Local/Programs/MiKTeX 2.9/fonts/type1/public/lm/lmmi6.pfb><C:/Users/Ni
ck/AppData/Local/Programs/MiKTeX 2.9/fonts/type1/public/lm/lmmi7.pfb><C:/Users/
Nick/AppData/Local/Programs/MiKTeX 2.9/fonts/type1/public/lm/lmmi8.pfb><C:/User
s/Nick/AppData/Local/Programs/MiKTeX 2.9/fonts/type1/public/lm/lmr10.pfb><C:/Us
ers/Nick/AppData/Local/Programs/MiKTeX 2.9/fonts/type1/public/lm/lmr5.pfb><C:/U
sers/Nick/AppData/Local/Programs/MiKTeX 2.9/fonts/type1/public/lm/lmr7.pfb><C:/
Users/Nick/AppData/Local/Programs/MiKTeX 2.9/fonts/type1/public/lm/lmr8.pfb><C:
/Users/Nick/AppData/Local/Programs/MiKTeX 2.9/fonts/type1/public/lm/lmss10.pfb>
<C:/Users/Nick/AppData/Local/Programs/MiKTeX 2.9/fonts/type1/public/lm/lmsy10.p
fb><C:/Users/Nick/AppData/Local/Programs/MiKTeX 2.9/fonts/type1/public/lm/lmsy7
.pfb><C:/Users/Nick/AppData/Local/Programs/MiKTeX 2.9/fonts/type1/public/lm/lms
y8.pfb><C:/Users/Nick/AppData/Local/Programs/MiKTeX 2.9/fonts/type1/public/lm/l
mtk10.pfb><C:/Users/Nick/AppData/Local/Programs/MiKTeX 2.9/fonts/type1/public/l
m/lmtt10.pfb><C:/Users/Nick/AppData/Local/Programs/MiKTeX 2.9/fonts/type1/publi
c/lm/lmtt8.pfb><C:/Users/Nick/AppData/Local/Programs/MiKTeX 2.9/fonts/type1/pub
lic/lm/lmtti10.pfb><C:/Users/Nick/AppData/Local/Programs/MiKTeX 2.9/fonts/type1
/public/amsfonts/symbols/msbm10.pfb>
Output written on _main.pdf (165 pages, 1056545 bytes).
PDF statistics:
 3335 PDF objects out of 3580 (max. 8388607)
 1036 named destinations out of 1200 (max. 500000)
 33985 words of extra memory for PDF output out of 35830 (max. 10000000)

